{"C:\\Users\\darkx\\Desktop\\GIT TEST\\BIT-Project\\back\\config.js": {"path":"C:\\Users\\darkx\\Desktop\\GIT TEST\\BIT-Project\\back\\config.js","statementMap":{"0":{"start":{"line":1,"column":13},"end":{"line":3,"column":1}},"1":{"start":{"line":5,"column":0},"end":{"line":5,"column":23}},"2":{"start":{"line":6,"column":0},"end":{"line":6,"column":40}},"3":{"start":{"line":8,"column":0},"end":{"line":8,"column":21}},"4":{"start":{"line":9,"column":0},"end":{"line":9,"column":29}},"5":{"start":{"line":10,"column":0},"end":{"line":10,"column":20}},"6":{"start":{"line":11,"column":0},"end":{"line":11,"column":101}},"7":{"start":{"line":12,"column":0},"end":{"line":12,"column":26}},"8":{"start":{"line":15,"column":0},"end":{"line":15,"column":36}},"9":{"start":{"line":16,"column":0},"end":{"line":16,"column":23}},"10":{"start":{"line":17,"column":0},"end":{"line":17,"column":40}},"11":{"start":{"line":18,"column":0},"end":{"line":18,"column":38}},"12":{"start":{"line":21,"column":0},"end":{"line":25,"column":1}},"13":{"start":{"line":28,"column":0},"end":{"line":28,"column":30}}},"fnMap":{},"branchMap":{},"s":{"0":2,"1":2,"2":2,"3":2,"4":2,"5":2,"6":2,"7":2,"8":2,"9":2,"10":2,"11":2,"12":2,"13":2},"f":{},"b":{},"_coverageSchema":"1a1c01bbd47fc00a2c39e90264f33305004495a9","hash":"640fbe6f287eb4bf1cd429ed65d4600e66b3188c"}
,"C:\\Users\\darkx\\Desktop\\GIT TEST\\BIT-Project\\back\\apis\\controllers\\inventarioController.js": {"path":"C:\\Users\\darkx\\Desktop\\GIT TEST\\BIT-Project\\back\\apis\\controllers\\inventarioController.js","statementMap":{"0":{"start":{"line":1,"column":24},"end":{"line":1,"column":79}},"1":{"start":{"line":2,"column":27},"end":{"line":2,"column":29}},"2":{"start":{"line":4,"column":0},"end":{"line":45,"column":1}},"3":{"start":{"line":5,"column":14},"end":{"line":11,"column":5}},"4":{"start":{"line":13,"column":0},"end":{"line":16,"column":1}},"5":{"start":{"line":14,"column":4},"end":{"line":14,"column":73}},"6":{"start":{"line":15,"column":4},"end":{"line":15,"column":16}},"7":{"start":{"line":17,"column":0},"end":{"line":20,"column":1}},"8":{"start":{"line":18,"column":4},"end":{"line":18,"column":73}},"9":{"start":{"line":19,"column":4},"end":{"line":19,"column":16}},"10":{"start":{"line":21,"column":0},"end":{"line":24,"column":1}},"11":{"start":{"line":22,"column":4},"end":{"line":22,"column":73}},"12":{"start":{"line":23,"column":4},"end":{"line":23,"column":16}},"13":{"start":{"line":25,"column":0},"end":{"line":28,"column":1}},"14":{"start":{"line":26,"column":4},"end":{"line":26,"column":75}},"15":{"start":{"line":27,"column":4},"end":{"line":27,"column":16}},"16":{"start":{"line":30,"column":0},"end":{"line":42,"column":2}},"17":{"start":{"line":31,"column":3},"end":{"line":41,"column":4}},"18":{"start":{"line":32,"column":4},"end":{"line":38,"column":6}},"19":{"start":{"line":33,"column":8},"end":{"line":37,"column":9}},"20":{"start":{"line":34,"column":12},"end":{"line":34,"column":65}},"21":{"start":{"line":36,"column":12},"end":{"line":36,"column":77}},"22":{"start":{"line":40,"column":4},"end":{"line":40,"column":79}},"23":{"start":{"line":47,"column":0},"end":{"line":51,"column":1}},"24":{"start":{"line":48,"column":4},"end":{"line":50,"column":6}},"25":{"start":{"line":49,"column":8},"end":{"line":49,"column":32}},"26":{"start":{"line":53,"column":0},"end":{"line":66,"column":1}},"27":{"start":{"line":54,"column":14},"end":{"line":56,"column":4}},"28":{"start":{"line":58,"column":0},"end":{"line":61,"column":1}},"29":{"start":{"line":59,"column":4},"end":{"line":59,"column":70}},"30":{"start":{"line":60,"column":4},"end":{"line":60,"column":16}},"31":{"start":{"line":63,"column":0},"end":{"line":65,"column":2}},"32":{"start":{"line":64,"column":4},"end":{"line":64,"column":28}},"33":{"start":{"line":68,"column":0},"end":{"line":110,"column":1}},"34":{"start":{"line":69,"column":14},"end":{"line":74,"column":4}},"35":{"start":{"line":77,"column":1},"end":{"line":80,"column":1}},"36":{"start":{"line":78,"column":4},"end":{"line":78,"column":70}},"37":{"start":{"line":79,"column":4},"end":{"line":79,"column":16}},"38":{"start":{"line":82,"column":1},"end":{"line":85,"column":1}},"39":{"start":{"line":83,"column":4},"end":{"line":83,"column":73}},"40":{"start":{"line":84,"column":4},"end":{"line":84,"column":16}},"41":{"start":{"line":86,"column":0},"end":{"line":89,"column":1}},"42":{"start":{"line":87,"column":4},"end":{"line":87,"column":75}},"43":{"start":{"line":88,"column":4},"end":{"line":88,"column":16}},"44":{"start":{"line":91,"column":0},"end":{"line":105,"column":2}},"45":{"start":{"line":92,"column":4},"end":{"line":104,"column":5}},"46":{"start":{"line":93,"column":10},"end":{"line":93,"column":87}},"47":{"start":{"line":96,"column":8},"end":{"line":102,"column":10}},"48":{"start":{"line":97,"column":12},"end":{"line":101,"column":13}},"49":{"start":{"line":98,"column":16},"end":{"line":98,"column":83}},"50":{"start":{"line":100,"column":17},"end":{"line":100,"column":87}},"51":{"start":{"line":112,"column":0},"end":{"line":144,"column":1}},"52":{"start":{"line":113,"column":17},"end":{"line":116,"column":4}},"53":{"start":{"line":119,"column":1},"end":{"line":122,"column":1}},"54":{"start":{"line":120,"column":4},"end":{"line":120,"column":70}},"55":{"start":{"line":121,"column":4},"end":{"line":121,"column":16}},"56":{"start":{"line":125,"column":0},"end":{"line":139,"column":2}},"57":{"start":{"line":126,"column":4},"end":{"line":138,"column":5}},"58":{"start":{"line":127,"column":10},"end":{"line":127,"column":87}},"59":{"start":{"line":130,"column":8},"end":{"line":136,"column":10}},"60":{"start":{"line":131,"column":12},"end":{"line":135,"column":13}},"61":{"start":{"line":132,"column":16},"end":{"line":132,"column":81}},"62":{"start":{"line":134,"column":17},"end":{"line":134,"column":86}},"63":{"start":{"line":146,"column":0},"end":{"line":146,"column":58}}},"fnMap":{"0":{"name":"(anonymous_0)","decl":{"start":{"line":4,"column":31},"end":{"line":4,"column":32}},"loc":{"start":{"line":4,"column":59},"end":{"line":45,"column":1}},"line":4},"1":{"name":"(anonymous_1)","decl":{"start":{"line":30,"column":34},"end":{"line":30,"column":35}},"loc":{"start":{"line":30,"column":50},"end":{"line":42,"column":1}},"line":30},"2":{"name":"(anonymous_2)","decl":{"start":{"line":32,"column":33},"end":{"line":32,"column":34}},"loc":{"start":{"line":32,"column":52},"end":{"line":38,"column":5}},"line":32},"3":{"name":"(anonymous_3)","decl":{"start":{"line":47,"column":35},"end":{"line":47,"column":36}},"loc":{"start":{"line":47,"column":63},"end":{"line":51,"column":1}},"line":47},"4":{"name":"(anonymous_4)","decl":{"start":{"line":48,"column":37},"end":{"line":48,"column":38}},"loc":{"start":{"line":48,"column":56},"end":{"line":50,"column":5}},"line":48},"5":{"name":"(anonymous_5)","decl":{"start":{"line":53,"column":32},"end":{"line":53,"column":33}},"loc":{"start":{"line":53,"column":60},"end":{"line":66,"column":1}},"line":53},"6":{"name":"(anonymous_6)","decl":{"start":{"line":63,"column":30},"end":{"line":63,"column":31}},"loc":{"start":{"line":63,"column":49},"end":{"line":65,"column":1}},"line":63},"7":{"name":"(anonymous_7)","decl":{"start":{"line":68,"column":34},"end":{"line":68,"column":35}},"loc":{"start":{"line":68,"column":62},"end":{"line":110,"column":1}},"line":68},"8":{"name":"(anonymous_8)","decl":{"start":{"line":91,"column":30},"end":{"line":91,"column":31}},"loc":{"start":{"line":91,"column":46},"end":{"line":105,"column":1}},"line":91},"9":{"name":"(anonymous_9)","decl":{"start":{"line":96,"column":40},"end":{"line":96,"column":41}},"loc":{"start":{"line":96,"column":59},"end":{"line":102,"column":9}},"line":96},"10":{"name":"(anonymous_10)","decl":{"start":{"line":112,"column":32},"end":{"line":112,"column":33}},"loc":{"start":{"line":112,"column":60},"end":{"line":144,"column":1}},"line":112},"11":{"name":"(anonymous_11)","decl":{"start":{"line":125,"column":30},"end":{"line":125,"column":31}},"loc":{"start":{"line":125,"column":46},"end":{"line":139,"column":1}},"line":125},"12":{"name":"(anonymous_12)","decl":{"start":{"line":130,"column":38},"end":{"line":130,"column":39}},"loc":{"start":{"line":130,"column":57},"end":{"line":136,"column":9}},"line":130}},"branchMap":{"0":{"loc":{"start":{"line":13,"column":0},"end":{"line":16,"column":1}},"type":"if","locations":[{"start":{"line":13,"column":0},"end":{"line":16,"column":1}},{"start":{},"end":{}}],"line":13},"1":{"loc":{"start":{"line":13,"column":4},"end":{"line":13,"column":72}},"type":"binary-expr","locations":[{"start":{"line":13,"column":4},"end":{"line":13,"column":28}},{"start":{"line":13,"column":32},"end":{"line":13,"column":51}},{"start":{"line":13,"column":55},"end":{"line":13,"column":72}}],"line":13},"2":{"loc":{"start":{"line":17,"column":0},"end":{"line":20,"column":1}},"type":"if","locations":[{"start":{"line":17,"column":0},"end":{"line":20,"column":1}},{"start":{},"end":{}}],"line":17},"3":{"loc":{"start":{"line":17,"column":4},"end":{"line":17,"column":72}},"type":"binary-expr","locations":[{"start":{"line":17,"column":4},"end":{"line":17,"column":28}},{"start":{"line":17,"column":32},"end":{"line":17,"column":51}},{"start":{"line":17,"column":55},"end":{"line":17,"column":72}}],"line":17},"4":{"loc":{"start":{"line":21,"column":0},"end":{"line":24,"column":1}},"type":"if","locations":[{"start":{"line":21,"column":0},"end":{"line":24,"column":1}},{"start":{},"end":{}}],"line":21},"5":{"loc":{"start":{"line":21,"column":4},"end":{"line":21,"column":72}},"type":"binary-expr","locations":[{"start":{"line":21,"column":4},"end":{"line":21,"column":28}},{"start":{"line":21,"column":32},"end":{"line":21,"column":51}},{"start":{"line":21,"column":55},"end":{"line":21,"column":72}}],"line":21},"6":{"loc":{"start":{"line":25,"column":0},"end":{"line":28,"column":1}},"type":"if","locations":[{"start":{"line":25,"column":0},"end":{"line":28,"column":1}},{"start":{},"end":{}}],"line":25},"7":{"loc":{"start":{"line":25,"column":4},"end":{"line":25,"column":78}},"type":"binary-expr","locations":[{"start":{"line":25,"column":4},"end":{"line":25,"column":30}},{"start":{"line":25,"column":34},"end":{"line":25,"column":55}},{"start":{"line":25,"column":59},"end":{"line":25,"column":78}}],"line":25},"8":{"loc":{"start":{"line":31,"column":3},"end":{"line":41,"column":4}},"type":"if","locations":[{"start":{"line":31,"column":3},"end":{"line":41,"column":4}},{"start":{"line":39,"column":8},"end":{"line":41,"column":4}}],"line":31},"9":{"loc":{"start":{"line":33,"column":8},"end":{"line":37,"column":9}},"type":"if","locations":[{"start":{"line":33,"column":8},"end":{"line":37,"column":9}},{"start":{"line":35,"column":13},"end":{"line":37,"column":9}}],"line":33},"10":{"loc":{"start":{"line":58,"column":0},"end":{"line":61,"column":1}},"type":"if","locations":[{"start":{"line":58,"column":0},"end":{"line":61,"column":1}},{"start":{},"end":{}}],"line":58},"11":{"loc":{"start":{"line":58,"column":4},"end":{"line":58,"column":63}},"type":"binary-expr","locations":[{"start":{"line":58,"column":4},"end":{"line":58,"column":25}},{"start":{"line":58,"column":29},"end":{"line":58,"column":45}},{"start":{"line":58,"column":49},"end":{"line":58,"column":63}}],"line":58},"12":{"loc":{"start":{"line":77,"column":1},"end":{"line":80,"column":1}},"type":"if","locations":[{"start":{"line":77,"column":1},"end":{"line":80,"column":1}},{"start":{},"end":{}}],"line":77},"13":{"loc":{"start":{"line":77,"column":5},"end":{"line":77,"column":64}},"type":"binary-expr","locations":[{"start":{"line":77,"column":5},"end":{"line":77,"column":26}},{"start":{"line":77,"column":30},"end":{"line":77,"column":46}},{"start":{"line":77,"column":50},"end":{"line":77,"column":64}}],"line":77},"14":{"loc":{"start":{"line":82,"column":1},"end":{"line":85,"column":1}},"type":"if","locations":[{"start":{"line":82,"column":1},"end":{"line":85,"column":1}},{"start":{},"end":{}}],"line":82},"15":{"loc":{"start":{"line":82,"column":5},"end":{"line":82,"column":73}},"type":"binary-expr","locations":[{"start":{"line":82,"column":5},"end":{"line":82,"column":29}},{"start":{"line":82,"column":33},"end":{"line":82,"column":52}},{"start":{"line":82,"column":56},"end":{"line":82,"column":73}}],"line":82},"16":{"loc":{"start":{"line":86,"column":0},"end":{"line":89,"column":1}},"type":"if","locations":[{"start":{"line":86,"column":0},"end":{"line":89,"column":1}},{"start":{},"end":{}}],"line":86},"17":{"loc":{"start":{"line":86,"column":4},"end":{"line":86,"column":78}},"type":"binary-expr","locations":[{"start":{"line":86,"column":4},"end":{"line":86,"column":30}},{"start":{"line":86,"column":34},"end":{"line":86,"column":55}},{"start":{"line":86,"column":59},"end":{"line":86,"column":78}}],"line":86},"18":{"loc":{"start":{"line":92,"column":4},"end":{"line":104,"column":5}},"type":"if","locations":[{"start":{"line":92,"column":4},"end":{"line":104,"column":5}},{"start":{"line":95,"column":9},"end":{"line":104,"column":5}}],"line":92},"19":{"loc":{"start":{"line":97,"column":12},"end":{"line":101,"column":13}},"type":"if","locations":[{"start":{"line":97,"column":12},"end":{"line":101,"column":13}},{"start":{"line":99,"column":17},"end":{"line":101,"column":13}}],"line":97},"20":{"loc":{"start":{"line":119,"column":1},"end":{"line":122,"column":1}},"type":"if","locations":[{"start":{"line":119,"column":1},"end":{"line":122,"column":1}},{"start":{},"end":{}}],"line":119},"21":{"loc":{"start":{"line":119,"column":5},"end":{"line":119,"column":64}},"type":"binary-expr","locations":[{"start":{"line":119,"column":5},"end":{"line":119,"column":26}},{"start":{"line":119,"column":30},"end":{"line":119,"column":46}},{"start":{"line":119,"column":50},"end":{"line":119,"column":64}}],"line":119},"22":{"loc":{"start":{"line":126,"column":4},"end":{"line":138,"column":5}},"type":"if","locations":[{"start":{"line":126,"column":4},"end":{"line":138,"column":5}},{"start":{"line":129,"column":9},"end":{"line":138,"column":5}}],"line":126},"23":{"loc":{"start":{"line":131,"column":12},"end":{"line":135,"column":13}},"type":"if","locations":[{"start":{"line":131,"column":12},"end":{"line":135,"column":13}},{"start":{"line":133,"column":17},"end":{"line":135,"column":13}}],"line":131}},"s":{"0":1,"1":1,"2":1,"3":10,"4":10,"5":1,"6":1,"7":9,"8":1,"9":1,"10":8,"11":1,"12":1,"13":7,"14":1,"15":1,"16":6,"17":6,"18":5,"19":5,"20":5,"21":0,"22":1,"23":1,"24":1,"25":1,"26":1,"27":2,"28":2,"29":1,"30":1,"31":1,"32":1,"33":1,"34":4,"35":4,"36":1,"37":1,"38":3,"39":1,"40":1,"41":2,"42":1,"43":1,"44":1,"45":1,"46":0,"47":1,"48":1,"49":1,"50":0,"51":1,"52":4,"53":4,"54":2,"55":2,"56":2,"57":2,"58":1,"59":1,"60":1,"61":1,"62":0,"63":1},"f":{"0":10,"1":6,"2":5,"3":1,"4":1,"5":2,"6":1,"7":4,"8":1,"9":1,"10":4,"11":2,"12":1},"b":{"0":[1,9],"1":[10,10,10],"2":[1,8],"3":[9,9,9],"4":[1,7],"5":[8,8,8],"6":[1,6],"7":[7,7,7],"8":[5,1],"9":[5,0],"10":[1,1],"11":[2,1,1],"12":[1,3],"13":[4,4,4],"14":[1,2],"15":[3,3,3],"16":[1,1],"17":[2,2,2],"18":[0,1],"19":[1,0],"20":[2,2],"21":[4,3,3],"22":[1,1],"23":[1,0]},"_coverageSchema":"1a1c01bbd47fc00a2c39e90264f33305004495a9","hash":"edc824d2eb9156dd7eb4f83891a92a0fde70ef54"}
,"C:\\Users\\darkx\\Desktop\\GIT TEST\\BIT-Project\\back\\apis\\controllers\\usuariosController.js": {"path":"C:\\Users\\darkx\\Desktop\\GIT TEST\\BIT-Project\\back\\apis\\controllers\\usuariosController.js","statementMap":{"0":{"start":{"line":1,"column":22},"end":{"line":1,"column":73}},"1":{"start":{"line":2,"column":25},"end":{"line":2,"column":27}},"2":{"start":{"line":5,"column":0},"end":{"line":60,"column":1}},"3":{"start":{"line":6,"column":11},"end":{"line":12,"column":5}},"4":{"start":{"line":14,"column":4},"end":{"line":17,"column":5}},"5":{"start":{"line":15,"column":8},"end":{"line":15,"column":90}},"6":{"start":{"line":16,"column":8},"end":{"line":16,"column":20}},"7":{"start":{"line":19,"column":4},"end":{"line":22,"column":5}},"8":{"start":{"line":20,"column":8},"end":{"line":20,"column":89}},"9":{"start":{"line":21,"column":8},"end":{"line":21,"column":20}},"10":{"start":{"line":24,"column":4},"end":{"line":27,"column":5}},"11":{"start":{"line":25,"column":8},"end":{"line":25,"column":80}},"12":{"start":{"line":26,"column":8},"end":{"line":26,"column":20}},"13":{"start":{"line":30,"column":4},"end":{"line":33,"column":5}},"14":{"start":{"line":31,"column":8},"end":{"line":31,"column":75}},"15":{"start":{"line":32,"column":8},"end":{"line":32,"column":20}},"16":{"start":{"line":40,"column":4},"end":{"line":40,"column":63}},"17":{"start":{"line":42,"column":4},"end":{"line":58,"column":6}},"18":{"start":{"line":44,"column":8},"end":{"line":57,"column":9}},"19":{"start":{"line":46,"column":12},"end":{"line":53,"column":14}},"20":{"start":{"line":47,"column":16},"end":{"line":52,"column":17}},"21":{"start":{"line":48,"column":20},"end":{"line":48,"column":83}},"22":{"start":{"line":51,"column":20},"end":{"line":51,"column":76}},"23":{"start":{"line":56,"column":12},"end":{"line":56,"column":88}},"24":{"start":{"line":62,"column":0},"end":{"line":67,"column":1}},"25":{"start":{"line":63,"column":4},"end":{"line":65,"column":6}},"26":{"start":{"line":64,"column":8},"end":{"line":64,"column":51}},"27":{"start":{"line":69,"column":0},"end":{"line":83,"column":1}},"28":{"start":{"line":70,"column":15},"end":{"line":72,"column":5}},"29":{"start":{"line":74,"column":4},"end":{"line":77,"column":5}},"30":{"start":{"line":75,"column":8},"end":{"line":75,"column":87}},"31":{"start":{"line":76,"column":8},"end":{"line":76,"column":20}},"32":{"start":{"line":79,"column":4},"end":{"line":81,"column":6}},"33":{"start":{"line":80,"column":8},"end":{"line":80,"column":51}},"34":{"start":{"line":85,"column":0},"end":{"line":130,"column":1}},"35":{"start":{"line":86,"column":11},"end":{"line":92,"column":5}},"36":{"start":{"line":94,"column":4},"end":{"line":97,"column":5}},"37":{"start":{"line":95,"column":8},"end":{"line":95,"column":87}},"38":{"start":{"line":96,"column":8},"end":{"line":96,"column":20}},"39":{"start":{"line":99,"column":4},"end":{"line":102,"column":5}},"40":{"start":{"line":100,"column":8},"end":{"line":100,"column":90}},"41":{"start":{"line":101,"column":8},"end":{"line":101,"column":20}},"42":{"start":{"line":104,"column":4},"end":{"line":107,"column":5}},"43":{"start":{"line":105,"column":8},"end":{"line":105,"column":78}},"44":{"start":{"line":106,"column":8},"end":{"line":106,"column":20}},"45":{"start":{"line":109,"column":5},"end":{"line":112,"column":5}},"46":{"start":{"line":110,"column":8},"end":{"line":110,"column":75}},"47":{"start":{"line":111,"column":8},"end":{"line":111,"column":20}},"48":{"start":{"line":114,"column":4},"end":{"line":128,"column":6}},"49":{"start":{"line":115,"column":8},"end":{"line":127,"column":9}},"50":{"start":{"line":116,"column":12},"end":{"line":116,"column":76}},"51":{"start":{"line":117,"column":12},"end":{"line":117,"column":24}},"52":{"start":{"line":121,"column":12},"end":{"line":126,"column":14}},"53":{"start":{"line":122,"column":16},"end":{"line":125,"column":17}},"54":{"start":{"line":123,"column":20},"end":{"line":123,"column":83}},"55":{"start":{"line":124,"column":20},"end":{"line":124,"column":32}},"56":{"start":{"line":132,"column":0},"end":{"line":160,"column":1}},"57":{"start":{"line":133,"column":15},"end":{"line":135,"column":5}},"58":{"start":{"line":138,"column":4},"end":{"line":141,"column":5}},"59":{"start":{"line":139,"column":8},"end":{"line":139,"column":87}},"60":{"start":{"line":140,"column":8},"end":{"line":140,"column":20}},"61":{"start":{"line":143,"column":4},"end":{"line":158,"column":6}},"62":{"start":{"line":145,"column":8},"end":{"line":157,"column":9}},"63":{"start":{"line":146,"column":12},"end":{"line":146,"column":79}},"64":{"start":{"line":147,"column":12},"end":{"line":147,"column":24}},"65":{"start":{"line":151,"column":12},"end":{"line":156,"column":14}},"66":{"start":{"line":152,"column":16},"end":{"line":155,"column":17}},"67":{"start":{"line":153,"column":20},"end":{"line":153,"column":81}},"68":{"start":{"line":154,"column":20},"end":{"line":154,"column":32}},"69":{"start":{"line":162,"column":0},"end":{"line":251,"column":1}},"70":{"start":{"line":164,"column":15},"end":{"line":168,"column":5}},"71":{"start":{"line":170,"column":4},"end":{"line":173,"column":5}},"72":{"start":{"line":171,"column":8},"end":{"line":171,"column":78}},"73":{"start":{"line":172,"column":8},"end":{"line":172,"column":20}},"74":{"start":{"line":175,"column":4},"end":{"line":178,"column":5}},"75":{"start":{"line":176,"column":8},"end":{"line":176,"column":77}},"76":{"start":{"line":177,"column":8},"end":{"line":177,"column":20}},"77":{"start":{"line":180,"column":4},"end":{"line":183,"column":5}},"78":{"start":{"line":181,"column":8},"end":{"line":181,"column":80}},"79":{"start":{"line":182,"column":8},"end":{"line":182,"column":20}},"80":{"start":{"line":185,"column":4},"end":{"line":185,"column":63}},"81":{"start":{"line":187,"column":15},"end":{"line":187,"column":70}},"82":{"start":{"line":188,"column":4},"end":{"line":188,"column":22}},"83":{"start":{"line":190,"column":4},"end":{"line":250,"column":6}},"84":{"start":{"line":191,"column":8},"end":{"line":249,"column":9}},"85":{"start":{"line":192,"column":12},"end":{"line":245,"column":14}},"86":{"start":{"line":193,"column":16},"end":{"line":244,"column":17}},"87":{"start":{"line":195,"column":40},"end":{"line":204,"column":22}},"88":{"start":{"line":206,"column":38},"end":{"line":228,"column":21}},"89":{"start":{"line":230,"column":20},"end":{"line":239,"column":22}},"90":{"start":{"line":231,"column":24},"end":{"line":238,"column":25}},"91":{"start":{"line":233,"column":28},"end":{"line":233,"column":92}},"92":{"start":{"line":237,"column":28},"end":{"line":237,"column":120}},"93":{"start":{"line":243,"column":20},"end":{"line":243,"column":93}},"94":{"start":{"line":248,"column":12},"end":{"line":248,"column":105}},"95":{"start":{"line":253,"column":0},"end":{"line":292,"column":1}},"96":{"start":{"line":255,"column":15},"end":{"line":258,"column":5}},"97":{"start":{"line":260,"column":4},"end":{"line":263,"column":5}},"98":{"start":{"line":261,"column":8},"end":{"line":261,"column":77}},"99":{"start":{"line":262,"column":8},"end":{"line":262,"column":20}},"100":{"start":{"line":265,"column":4},"end":{"line":268,"column":5}},"101":{"start":{"line":266,"column":8},"end":{"line":266,"column":80}},"102":{"start":{"line":267,"column":8},"end":{"line":267,"column":20}},"103":{"start":{"line":270,"column":4},"end":{"line":270,"column":63}},"104":{"start":{"line":272,"column":4},"end":{"line":291,"column":6}},"105":{"start":{"line":274,"column":8},"end":{"line":290,"column":9}},"106":{"start":{"line":275,"column":12},"end":{"line":275,"column":74}},"107":{"start":{"line":278,"column":12},"end":{"line":288,"column":13}},"108":{"start":{"line":279,"column":12},"end":{"line":279,"column":94}},"109":{"start":{"line":282,"column":16},"end":{"line":282,"column":60}},"110":{"start":{"line":283,"column":16},"end":{"line":283,"column":58}},"111":{"start":{"line":284,"column":16},"end":{"line":284,"column":54}},"112":{"start":{"line":285,"column":16},"end":{"line":285,"column":54}},"113":{"start":{"line":287,"column":17},"end":{"line":287,"column":88}},"114":{"start":{"line":294,"column":0},"end":{"line":317,"column":1}},"115":{"start":{"line":295,"column":15},"end":{"line":298,"column":5}},"116":{"start":{"line":299,"column":3},"end":{"line":302,"column":5}},"117":{"start":{"line":300,"column":8},"end":{"line":300,"column":77}},"118":{"start":{"line":301,"column":8},"end":{"line":301,"column":20}},"119":{"start":{"line":303,"column":7},"end":{"line":306,"column":5}},"120":{"start":{"line":304,"column":8},"end":{"line":304,"column":78}},"121":{"start":{"line":305,"column":8},"end":{"line":305,"column":20}},"122":{"start":{"line":308,"column":4},"end":{"line":316,"column":6}},"123":{"start":{"line":309,"column":8},"end":{"line":314,"column":9}},"124":{"start":{"line":310,"column":12},"end":{"line":310,"column":87}},"125":{"start":{"line":313,"column":12},"end":{"line":313,"column":80}},"126":{"start":{"line":319,"column":0},"end":{"line":377,"column":1}},"127":{"start":{"line":320,"column":15},"end":{"line":322,"column":5}},"128":{"start":{"line":324,"column":4},"end":{"line":327,"column":5}},"129":{"start":{"line":325,"column":8},"end":{"line":325,"column":77}},"130":{"start":{"line":326,"column":8},"end":{"line":326,"column":20}},"131":{"start":{"line":329,"column":4},"end":{"line":329,"column":74}},"132":{"start":{"line":331,"column":4},"end":{"line":375,"column":6}},"133":{"start":{"line":333,"column":28},"end":{"line":342,"column":22}},"134":{"start":{"line":344,"column":38},"end":{"line":362,"column":21}},"135":{"start":{"line":364,"column":20},"end":{"line":373,"column":22}},"136":{"start":{"line":365,"column":24},"end":{"line":372,"column":25}},"137":{"start":{"line":367,"column":28},"end":{"line":367,"column":92}},"138":{"start":{"line":371,"column":28},"end":{"line":371,"column":119}},"139":{"start":{"line":379,"column":0},"end":{"line":413,"column":1}},"140":{"start":{"line":380,"column":15},"end":{"line":384,"column":5}},"141":{"start":{"line":386,"column":4},"end":{"line":389,"column":5}},"142":{"start":{"line":387,"column":8},"end":{"line":387,"column":77}},"143":{"start":{"line":388,"column":8},"end":{"line":388,"column":20}},"144":{"start":{"line":391,"column":4},"end":{"line":394,"column":5}},"145":{"start":{"line":392,"column":8},"end":{"line":392,"column":81}},"146":{"start":{"line":393,"column":8},"end":{"line":393,"column":20}},"147":{"start":{"line":396,"column":4},"end":{"line":399,"column":5}},"148":{"start":{"line":397,"column":8},"end":{"line":397,"column":80}},"149":{"start":{"line":398,"column":8},"end":{"line":398,"column":20}},"150":{"start":{"line":401,"column":4},"end":{"line":401,"column":63}},"151":{"start":{"line":403,"column":4},"end":{"line":412,"column":6}},"152":{"start":{"line":404,"column":8},"end":{"line":411,"column":9}},"153":{"start":{"line":405,"column":12},"end":{"line":405,"column":100}},"154":{"start":{"line":406,"column":12},"end":{"line":406,"column":24}},"155":{"start":{"line":409,"column":12},"end":{"line":409,"column":74}},"156":{"start":{"line":410,"column":12},"end":{"line":410,"column":23}},"157":{"start":{"line":415,"column":0},"end":{"line":437,"column":1}},"158":{"start":{"line":416,"column":15},"end":{"line":419,"column":5}},"159":{"start":{"line":421,"column":4},"end":{"line":424,"column":5}},"160":{"start":{"line":422,"column":8},"end":{"line":422,"column":80}},"161":{"start":{"line":423,"column":8},"end":{"line":423,"column":20}},"162":{"start":{"line":426,"column":4},"end":{"line":429,"column":5}},"163":{"start":{"line":427,"column":8},"end":{"line":427,"column":92}},"164":{"start":{"line":428,"column":8},"end":{"line":428,"column":20}},"165":{"start":{"line":431,"column":4},"end":{"line":431,"column":63}},"166":{"start":{"line":433,"column":4},"end":{"line":436,"column":6}},"167":{"start":{"line":435,"column":8},"end":{"line":435,"column":78}},"168":{"start":{"line":439,"column":0},"end":{"line":439,"column":54}}},"fnMap":{"0":{"name":"(anonymous_0)","decl":{"start":{"line":5,"column":29},"end":{"line":5,"column":30}},"loc":{"start":{"line":5,"column":56},"end":{"line":60,"column":1}},"line":5},"1":{"name":"(anonymous_1)","decl":{"start":{"line":42,"column":37},"end":{"line":42,"column":38}},"loc":{"start":{"line":42,"column":53},"end":{"line":58,"column":5}},"line":42},"2":{"name":"(anonymous_2)","decl":{"start":{"line":46,"column":40},"end":{"line":46,"column":41}},"loc":{"start":{"line":46,"column":59},"end":{"line":53,"column":13}},"line":46},"3":{"name":"(anonymous_3)","decl":{"start":{"line":62,"column":33},"end":{"line":62,"column":34}},"loc":{"start":{"line":62,"column":60},"end":{"line":67,"column":1}},"line":62},"4":{"name":"(anonymous_4)","decl":{"start":{"line":63,"column":34},"end":{"line":63,"column":35}},"loc":{"start":{"line":63,"column":53},"end":{"line":65,"column":5}},"line":63},"5":{"name":"(anonymous_5)","decl":{"start":{"line":69,"column":30},"end":{"line":69,"column":31}},"loc":{"start":{"line":69,"column":57},"end":{"line":83,"column":1}},"line":69},"6":{"name":"(anonymous_6)","decl":{"start":{"line":79,"column":33},"end":{"line":79,"column":34}},"loc":{"start":{"line":79,"column":52},"end":{"line":81,"column":5}},"line":79},"7":{"name":"(anonymous_7)","decl":{"start":{"line":85,"column":32},"end":{"line":85,"column":33}},"loc":{"start":{"line":85,"column":59},"end":{"line":130,"column":1}},"line":85},"8":{"name":"(anonymous_8)","decl":{"start":{"line":114,"column":33},"end":{"line":114,"column":34}},"loc":{"start":{"line":114,"column":49},"end":{"line":128,"column":5}},"line":114},"9":{"name":"(anonymous_9)","decl":{"start":{"line":121,"column":43},"end":{"line":121,"column":44}},"loc":{"start":{"line":121,"column":62},"end":{"line":126,"column":13}},"line":121},"10":{"name":"(anonymous_10)","decl":{"start":{"line":132,"column":30},"end":{"line":132,"column":31}},"loc":{"start":{"line":132,"column":57},"end":{"line":160,"column":1}},"line":132},"11":{"name":"(anonymous_11)","decl":{"start":{"line":143,"column":33},"end":{"line":143,"column":34}},"loc":{"start":{"line":143,"column":49},"end":{"line":158,"column":5}},"line":143},"12":{"name":"(anonymous_12)","decl":{"start":{"line":151,"column":41},"end":{"line":151,"column":42}},"loc":{"start":{"line":151,"column":60},"end":{"line":156,"column":13}},"line":151},"13":{"name":"(anonymous_13)","decl":{"start":{"line":162,"column":31},"end":{"line":162,"column":32}},"loc":{"start":{"line":162,"column":58},"end":{"line":251,"column":1}},"line":162},"14":{"name":"(anonymous_14)","decl":{"start":{"line":190,"column":37},"end":{"line":190,"column":38}},"loc":{"start":{"line":190,"column":53},"end":{"line":250,"column":5}},"line":190},"15":{"name":"(anonymous_15)","decl":{"start":{"line":192,"column":42},"end":{"line":192,"column":43}},"loc":{"start":{"line":192,"column":61},"end":{"line":245,"column":13}},"line":192},"16":{"name":"(anonymous_16)","decl":{"start":{"line":230,"column":54},"end":{"line":230,"column":55}},"loc":{"start":{"line":230,"column":71},"end":{"line":239,"column":21}},"line":230},"17":{"name":"(anonymous_17)","decl":{"start":{"line":253,"column":27},"end":{"line":253,"column":28}},"loc":{"start":{"line":253,"column":54},"end":{"line":292,"column":1}},"line":253},"18":{"name":"(anonymous_18)","decl":{"start":{"line":272,"column":29},"end":{"line":272,"column":30}},"loc":{"start":{"line":272,"column":48},"end":{"line":291,"column":5}},"line":272},"19":{"name":"(anonymous_19)","decl":{"start":{"line":294,"column":29},"end":{"line":294,"column":30}},"loc":{"start":{"line":294,"column":56},"end":{"line":317,"column":1}},"line":294},"20":{"name":"(anonymous_20)","decl":{"start":{"line":308,"column":32},"end":{"line":308,"column":33}},"loc":{"start":{"line":308,"column":51},"end":{"line":316,"column":5}},"line":308},"21":{"name":"(anonymous_21)","decl":{"start":{"line":319,"column":44},"end":{"line":319,"column":45}},"loc":{"start":{"line":319,"column":71},"end":{"line":377,"column":1}},"line":319},"22":{"name":"(anonymous_22)","decl":{"start":{"line":331,"column":47},"end":{"line":331,"column":48}},"loc":{"start":{"line":331,"column":66},"end":{"line":375,"column":5}},"line":331},"23":{"name":"(anonymous_23)","decl":{"start":{"line":364,"column":54},"end":{"line":364,"column":55}},"loc":{"start":{"line":364,"column":71},"end":{"line":373,"column":21}},"line":364},"24":{"name":"(anonymous_24)","decl":{"start":{"line":379,"column":35},"end":{"line":379,"column":36}},"loc":{"start":{"line":379,"column":62},"end":{"line":413,"column":1}},"line":379},"25":{"name":"(anonymous_25)","decl":{"start":{"line":403,"column":38},"end":{"line":403,"column":39}},"loc":{"start":{"line":403,"column":57},"end":{"line":412,"column":5}},"line":403},"26":{"name":"(anonymous_26)","decl":{"start":{"line":415,"column":36},"end":{"line":415,"column":37}},"loc":{"start":{"line":415,"column":62},"end":{"line":437,"column":1}},"line":415},"27":{"name":"(anonymous_27)","decl":{"start":{"line":433,"column":38},"end":{"line":433,"column":39}},"loc":{"start":{"line":433,"column":57},"end":{"line":436,"column":5}},"line":433}},"branchMap":{"0":{"loc":{"start":{"line":14,"column":4},"end":{"line":17,"column":5}},"type":"if","locations":[{"start":{"line":14,"column":4},"end":{"line":17,"column":5}},{"start":{},"end":{}}],"line":14},"1":{"loc":{"start":{"line":14,"column":7},"end":{"line":14,"column":75}},"type":"binary-expr","locations":[{"start":{"line":14,"column":7},"end":{"line":14,"column":31}},{"start":{"line":14,"column":35},"end":{"line":14,"column":54}},{"start":{"line":14,"column":58},"end":{"line":14,"column":75}}],"line":14},"2":{"loc":{"start":{"line":19,"column":4},"end":{"line":22,"column":5}},"type":"if","locations":[{"start":{"line":19,"column":4},"end":{"line":22,"column":5}},{"start":{},"end":{}}],"line":19},"3":{"loc":{"start":{"line":19,"column":7},"end":{"line":19,"column":72}},"type":"binary-expr","locations":[{"start":{"line":19,"column":7},"end":{"line":19,"column":30}},{"start":{"line":19,"column":34},"end":{"line":19,"column":52}},{"start":{"line":19,"column":56},"end":{"line":19,"column":72}}],"line":19},"4":{"loc":{"start":{"line":24,"column":4},"end":{"line":27,"column":5}},"type":"if","locations":[{"start":{"line":24,"column":4},"end":{"line":27,"column":5}},{"start":{},"end":{}}],"line":24},"5":{"loc":{"start":{"line":24,"column":7},"end":{"line":24,"column":81}},"type":"binary-expr","locations":[{"start":{"line":24,"column":7},"end":{"line":24,"column":33}},{"start":{"line":24,"column":37},"end":{"line":24,"column":58}},{"start":{"line":24,"column":62},"end":{"line":24,"column":81}}],"line":24},"6":{"loc":{"start":{"line":30,"column":4},"end":{"line":33,"column":5}},"type":"if","locations":[{"start":{"line":30,"column":4},"end":{"line":33,"column":5}},{"start":{},"end":{}}],"line":30},"7":{"loc":{"start":{"line":30,"column":7},"end":{"line":30,"column":66}},"type":"binary-expr","locations":[{"start":{"line":30,"column":7},"end":{"line":30,"column":28}},{"start":{"line":30,"column":32},"end":{"line":30,"column":48}},{"start":{"line":30,"column":52},"end":{"line":30,"column":66}}],"line":30},"8":{"loc":{"start":{"line":44,"column":8},"end":{"line":57,"column":9}},"type":"if","locations":[{"start":{"line":44,"column":8},"end":{"line":57,"column":9}},{"start":{"line":55,"column":12},"end":{"line":57,"column":9}}],"line":44},"9":{"loc":{"start":{"line":47,"column":16},"end":{"line":52,"column":17}},"type":"if","locations":[{"start":{"line":47,"column":16},"end":{"line":52,"column":17}},{"start":{"line":50,"column":20},"end":{"line":52,"column":17}}],"line":47},"10":{"loc":{"start":{"line":74,"column":4},"end":{"line":77,"column":5}},"type":"if","locations":[{"start":{"line":74,"column":4},"end":{"line":77,"column":5}},{"start":{},"end":{}}],"line":74},"11":{"loc":{"start":{"line":94,"column":4},"end":{"line":97,"column":5}},"type":"if","locations":[{"start":{"line":94,"column":4},"end":{"line":97,"column":5}},{"start":{},"end":{}}],"line":94},"12":{"loc":{"start":{"line":99,"column":4},"end":{"line":102,"column":5}},"type":"if","locations":[{"start":{"line":99,"column":4},"end":{"line":102,"column":5}},{"start":{},"end":{}}],"line":99},"13":{"loc":{"start":{"line":99,"column":7},"end":{"line":99,"column":75}},"type":"binary-expr","locations":[{"start":{"line":99,"column":7},"end":{"line":99,"column":31}},{"start":{"line":99,"column":35},"end":{"line":99,"column":54}},{"start":{"line":99,"column":58},"end":{"line":99,"column":75}}],"line":99},"14":{"loc":{"start":{"line":104,"column":4},"end":{"line":107,"column":5}},"type":"if","locations":[{"start":{"line":104,"column":4},"end":{"line":107,"column":5}},{"start":{},"end":{}}],"line":104},"15":{"loc":{"start":{"line":104,"column":7},"end":{"line":104,"column":75}},"type":"binary-expr","locations":[{"start":{"line":104,"column":7},"end":{"line":104,"column":31}},{"start":{"line":104,"column":35},"end":{"line":104,"column":54}},{"start":{"line":104,"column":58},"end":{"line":104,"column":75}}],"line":104},"16":{"loc":{"start":{"line":109,"column":5},"end":{"line":112,"column":5}},"type":"if","locations":[{"start":{"line":109,"column":5},"end":{"line":112,"column":5}},{"start":{},"end":{}}],"line":109},"17":{"loc":{"start":{"line":109,"column":8},"end":{"line":109,"column":67}},"type":"binary-expr","locations":[{"start":{"line":109,"column":8},"end":{"line":109,"column":29}},{"start":{"line":109,"column":33},"end":{"line":109,"column":49}},{"start":{"line":109,"column":53},"end":{"line":109,"column":67}}],"line":109},"18":{"loc":{"start":{"line":115,"column":8},"end":{"line":127,"column":9}},"type":"if","locations":[{"start":{"line":115,"column":8},"end":{"line":127,"column":9}},{"start":{"line":119,"column":12},"end":{"line":127,"column":9}}],"line":115},"19":{"loc":{"start":{"line":122,"column":16},"end":{"line":125,"column":17}},"type":"if","locations":[{"start":{"line":122,"column":16},"end":{"line":125,"column":17}},{"start":{},"end":{}}],"line":122},"20":{"loc":{"start":{"line":138,"column":4},"end":{"line":141,"column":5}},"type":"if","locations":[{"start":{"line":138,"column":4},"end":{"line":141,"column":5}},{"start":{},"end":{}}],"line":138},"21":{"loc":{"start":{"line":145,"column":8},"end":{"line":157,"column":9}},"type":"if","locations":[{"start":{"line":145,"column":8},"end":{"line":157,"column":9}},{"start":{"line":149,"column":12},"end":{"line":157,"column":9}}],"line":145},"22":{"loc":{"start":{"line":152,"column":16},"end":{"line":155,"column":17}},"type":"if","locations":[{"start":{"line":152,"column":16},"end":{"line":155,"column":17}},{"start":{},"end":{}}],"line":152},"23":{"loc":{"start":{"line":170,"column":4},"end":{"line":173,"column":5}},"type":"if","locations":[{"start":{"line":170,"column":4},"end":{"line":173,"column":5}},{"start":{},"end":{}}],"line":170},"24":{"loc":{"start":{"line":170,"column":7},"end":{"line":170,"column":82}},"type":"binary-expr","locations":[{"start":{"line":170,"column":7},"end":{"line":170,"column":31}},{"start":{"line":170,"column":35},"end":{"line":170,"column":54}},{"start":{"line":170,"column":58},"end":{"line":170,"column":82}}],"line":170},"25":{"loc":{"start":{"line":175,"column":4},"end":{"line":178,"column":5}},"type":"if","locations":[{"start":{"line":175,"column":4},"end":{"line":178,"column":5}},{"start":{},"end":{}}],"line":175},"26":{"loc":{"start":{"line":175,"column":7},"end":{"line":175,"column":79}},"type":"binary-expr","locations":[{"start":{"line":175,"column":7},"end":{"line":175,"column":30}},{"start":{"line":175,"column":34},"end":{"line":175,"column":52}},{"start":{"line":175,"column":56},"end":{"line":175,"column":79}}],"line":175},"27":{"loc":{"start":{"line":180,"column":4},"end":{"line":183,"column":5}},"type":"if","locations":[{"start":{"line":180,"column":4},"end":{"line":183,"column":5}},{"start":{},"end":{}}],"line":180},"28":{"loc":{"start":{"line":180,"column":7},"end":{"line":180,"column":88}},"type":"binary-expr","locations":[{"start":{"line":180,"column":7},"end":{"line":180,"column":33}},{"start":{"line":180,"column":37},"end":{"line":180,"column":58}},{"start":{"line":180,"column":62},"end":{"line":180,"column":88}}],"line":180},"29":{"loc":{"start":{"line":191,"column":8},"end":{"line":249,"column":9}},"type":"if","locations":[{"start":{"line":191,"column":8},"end":{"line":249,"column":9}},{"start":{"line":247,"column":12},"end":{"line":249,"column":9}}],"line":191},"30":{"loc":{"start":{"line":193,"column":16},"end":{"line":244,"column":17}},"type":"if","locations":[{"start":{"line":193,"column":16},"end":{"line":244,"column":17}},{"start":{"line":242,"column":20},"end":{"line":244,"column":17}}],"line":193},"31":{"loc":{"start":{"line":231,"column":24},"end":{"line":238,"column":25}},"type":"if","locations":[{"start":{"line":231,"column":24},"end":{"line":238,"column":25}},{"start":{"line":235,"column":28},"end":{"line":238,"column":25}}],"line":231},"32":{"loc":{"start":{"line":260,"column":4},"end":{"line":263,"column":5}},"type":"if","locations":[{"start":{"line":260,"column":4},"end":{"line":263,"column":5}},{"start":{},"end":{}}],"line":260},"33":{"loc":{"start":{"line":260,"column":7},"end":{"line":260,"column":79}},"type":"binary-expr","locations":[{"start":{"line":260,"column":7},"end":{"line":260,"column":30}},{"start":{"line":260,"column":34},"end":{"line":260,"column":52}},{"start":{"line":260,"column":56},"end":{"line":260,"column":79}}],"line":260},"34":{"loc":{"start":{"line":265,"column":4},"end":{"line":268,"column":5}},"type":"if","locations":[{"start":{"line":265,"column":4},"end":{"line":268,"column":5}},{"start":{},"end":{}}],"line":265},"35":{"loc":{"start":{"line":265,"column":7},"end":{"line":265,"column":88}},"type":"binary-expr","locations":[{"start":{"line":265,"column":7},"end":{"line":265,"column":33}},{"start":{"line":265,"column":37},"end":{"line":265,"column":58}},{"start":{"line":265,"column":62},"end":{"line":265,"column":88}}],"line":265},"36":{"loc":{"start":{"line":274,"column":8},"end":{"line":290,"column":9}},"type":"if","locations":[{"start":{"line":274,"column":8},"end":{"line":290,"column":9}},{"start":{"line":277,"column":12},"end":{"line":290,"column":9}}],"line":274},"37":{"loc":{"start":{"line":278,"column":12},"end":{"line":288,"column":13}},"type":"if","locations":[{"start":{"line":278,"column":12},"end":{"line":288,"column":13}},{"start":{"line":281,"column":16},"end":{"line":288,"column":13}}],"line":278},"38":{"loc":{"start":{"line":299,"column":3},"end":{"line":302,"column":5}},"type":"if","locations":[{"start":{"line":299,"column":3},"end":{"line":302,"column":5}},{"start":{},"end":{}}],"line":299},"39":{"loc":{"start":{"line":299,"column":6},"end":{"line":299,"column":78}},"type":"binary-expr","locations":[{"start":{"line":299,"column":6},"end":{"line":299,"column":29}},{"start":{"line":299,"column":33},"end":{"line":299,"column":51}},{"start":{"line":299,"column":55},"end":{"line":299,"column":78}}],"line":299},"40":{"loc":{"start":{"line":303,"column":7},"end":{"line":306,"column":5}},"type":"if","locations":[{"start":{"line":303,"column":7},"end":{"line":306,"column":5}},{"start":{},"end":{}}],"line":303},"41":{"loc":{"start":{"line":303,"column":10},"end":{"line":303,"column":85}},"type":"binary-expr","locations":[{"start":{"line":303,"column":10},"end":{"line":303,"column":34}},{"start":{"line":303,"column":38},"end":{"line":303,"column":57}},{"start":{"line":303,"column":61},"end":{"line":303,"column":85}}],"line":303},"42":{"loc":{"start":{"line":309,"column":8},"end":{"line":314,"column":9}},"type":"if","locations":[{"start":{"line":309,"column":8},"end":{"line":314,"column":9}},{"start":{"line":312,"column":12},"end":{"line":314,"column":9}}],"line":309},"43":{"loc":{"start":{"line":324,"column":4},"end":{"line":327,"column":5}},"type":"if","locations":[{"start":{"line":324,"column":4},"end":{"line":327,"column":5}},{"start":{},"end":{}}],"line":324},"44":{"loc":{"start":{"line":324,"column":7},"end":{"line":324,"column":79}},"type":"binary-expr","locations":[{"start":{"line":324,"column":7},"end":{"line":324,"column":30}},{"start":{"line":324,"column":34},"end":{"line":324,"column":52}},{"start":{"line":324,"column":56},"end":{"line":324,"column":79}}],"line":324},"45":{"loc":{"start":{"line":365,"column":24},"end":{"line":372,"column":25}},"type":"if","locations":[{"start":{"line":365,"column":24},"end":{"line":372,"column":25}},{"start":{"line":369,"column":28},"end":{"line":372,"column":25}}],"line":365},"46":{"loc":{"start":{"line":386,"column":4},"end":{"line":389,"column":5}},"type":"if","locations":[{"start":{"line":386,"column":4},"end":{"line":389,"column":5}},{"start":{},"end":{}}],"line":386},"47":{"loc":{"start":{"line":386,"column":7},"end":{"line":386,"column":79}},"type":"binary-expr","locations":[{"start":{"line":386,"column":7},"end":{"line":386,"column":30}},{"start":{"line":386,"column":34},"end":{"line":386,"column":52}},{"start":{"line":386,"column":56},"end":{"line":386,"column":79}}],"line":386},"48":{"loc":{"start":{"line":391,"column":4},"end":{"line":394,"column":5}},"type":"if","locations":[{"start":{"line":391,"column":4},"end":{"line":394,"column":5}},{"start":{},"end":{}}],"line":391},"49":{"loc":{"start":{"line":391,"column":7},"end":{"line":391,"column":91}},"type":"binary-expr","locations":[{"start":{"line":391,"column":7},"end":{"line":391,"column":34}},{"start":{"line":391,"column":38},"end":{"line":391,"column":60}},{"start":{"line":391,"column":64},"end":{"line":391,"column":91}}],"line":391},"50":{"loc":{"start":{"line":396,"column":4},"end":{"line":399,"column":5}},"type":"if","locations":[{"start":{"line":396,"column":4},"end":{"line":399,"column":5}},{"start":{},"end":{}}],"line":396},"51":{"loc":{"start":{"line":396,"column":7},"end":{"line":396,"column":88}},"type":"binary-expr","locations":[{"start":{"line":396,"column":7},"end":{"line":396,"column":33}},{"start":{"line":396,"column":37},"end":{"line":396,"column":58}},{"start":{"line":396,"column":62},"end":{"line":396,"column":88}}],"line":396},"52":{"loc":{"start":{"line":404,"column":8},"end":{"line":411,"column":9}},"type":"if","locations":[{"start":{"line":404,"column":8},"end":{"line":411,"column":9}},{"start":{"line":408,"column":13},"end":{"line":411,"column":9}}],"line":404},"53":{"loc":{"start":{"line":421,"column":4},"end":{"line":424,"column":5}},"type":"if","locations":[{"start":{"line":421,"column":4},"end":{"line":424,"column":5}},{"start":{},"end":{}}],"line":421},"54":{"loc":{"start":{"line":421,"column":7},"end":{"line":421,"column":81}},"type":"binary-expr","locations":[{"start":{"line":421,"column":7},"end":{"line":421,"column":33}},{"start":{"line":421,"column":37},"end":{"line":421,"column":58}},{"start":{"line":421,"column":62},"end":{"line":421,"column":81}}],"line":421},"55":{"loc":{"start":{"line":426,"column":4},"end":{"line":429,"column":5}},"type":"if","locations":[{"start":{"line":426,"column":4},"end":{"line":429,"column":5}},{"start":{},"end":{}}],"line":426},"56":{"loc":{"start":{"line":426,"column":7},"end":{"line":426,"column":66}},"type":"binary-expr","locations":[{"start":{"line":426,"column":7},"end":{"line":426,"column":28}},{"start":{"line":426,"column":32},"end":{"line":426,"column":48}},{"start":{"line":426,"column":52},"end":{"line":426,"column":66}}],"line":426}},"s":{"0":1,"1":1,"2":1,"3":9,"4":9,"5":1,"6":1,"7":8,"8":1,"9":1,"10":7,"11":1,"12":1,"13":6,"14":1,"15":1,"16":5,"17":5,"18":5,"19":4,"20":4,"21":4,"22":0,"23":1,"24":1,"25":1,"26":1,"27":1,"28":0,"29":0,"30":0,"31":0,"32":0,"33":0,"34":1,"35":0,"36":0,"37":0,"38":0,"39":0,"40":0,"41":0,"42":0,"43":0,"44":0,"45":0,"46":0,"47":0,"48":0,"49":0,"50":0,"51":0,"52":0,"53":0,"54":0,"55":0,"56":1,"57":4,"58":4,"59":2,"60":2,"61":2,"62":2,"63":1,"64":1,"65":1,"66":1,"67":1,"68":1,"69":1,"70":5,"71":5,"72":1,"73":1,"74":4,"75":1,"76":1,"77":3,"78":1,"79":1,"80":2,"81":2,"82":2,"83":2,"84":2,"85":2,"86":2,"87":2,"88":2,"89":2,"90":2,"91":0,"92":2,"93":0,"94":0,"95":1,"96":3,"97":3,"98":1,"99":1,"100":2,"101":1,"102":1,"103":1,"104":1,"105":1,"106":0,"107":1,"108":0,"109":1,"110":1,"111":1,"112":1,"113":1,"114":1,"115":4,"116":4,"117":1,"118":1,"119":3,"120":1,"121":1,"122":2,"123":2,"124":1,"125":1,"126":1,"127":0,"128":0,"129":0,"130":0,"131":0,"132":0,"133":0,"134":0,"135":0,"136":0,"137":0,"138":0,"139":1,"140":0,"141":0,"142":0,"143":0,"144":0,"145":0,"146":0,"147":0,"148":0,"149":0,"150":0,"151":0,"152":0,"153":0,"154":0,"155":0,"156":0,"157":1,"158":3,"159":3,"160":1,"161":1,"162":2,"163":1,"164":1,"165":1,"166":1,"167":1,"168":1},"f":{"0":9,"1":5,"2":4,"3":1,"4":1,"5":0,"6":0,"7":0,"8":0,"9":0,"10":4,"11":2,"12":1,"13":5,"14":2,"15":2,"16":2,"17":3,"18":1,"19":4,"20":2,"21":0,"22":0,"23":0,"24":0,"25":0,"26":3,"27":1},"b":{"0":[1,8],"1":[9,9,9],"2":[1,7],"3":[8,8,8],"4":[1,6],"5":[7,7,7],"6":[1,5],"7":[6,5,5],"8":[4,1],"9":[4,0],"10":[0,0],"11":[0,0],"12":[0,0],"13":[0,0,0],"14":[0,0],"15":[0,0,0],"16":[0,0],"17":[0,0,0],"18":[0,0],"19":[0,0],"20":[2,2],"21":[1,1],"22":[1,0],"23":[1,4],"24":[5,5,5],"25":[1,3],"26":[4,4,4],"27":[1,2],"28":[3,3,3],"29":[2,0],"30":[2,0],"31":[0,2],"32":[1,2],"33":[3,3,3],"34":[1,1],"35":[2,2,2],"36":[0,1],"37":[0,1],"38":[1,3],"39":[4,4,4],"40":[1,2],"41":[3,3,3],"42":[1,1],"43":[0,0],"44":[0,0,0],"45":[0,0],"46":[0,0],"47":[0,0,0],"48":[0,0],"49":[0,0,0],"50":[0,0],"51":[0,0,0],"52":[0,0],"53":[1,2],"54":[3,3,3],"55":[1,1],"56":[2,2,2]},"_coverageSchema":"1a1c01bbd47fc00a2c39e90264f33305004495a9","hash":"995017c7a581fff16bfbdb68cedcbff2e2e714d1"}
,"C:\\Users\\darkx\\Desktop\\GIT TEST\\BIT-Project\\back\\apis\\models\\inventariomodel.js": {"path":"C:\\Users\\darkx\\Desktop\\GIT TEST\\BIT-Project\\back\\apis\\models\\inventariomodel.js","statementMap":{"0":{"start":{"line":1,"column":17},"end":{"line":1,"column":36}},"1":{"start":{"line":2,"column":13},"end":{"line":2,"column":28}},"2":{"start":{"line":3,"column":22},"end":{"line":3,"column":24}},"3":{"start":{"line":5,"column":23},"end":{"line":11,"column":2}},"4":{"start":{"line":13,"column":16},"end":{"line":13,"column":61}},"5":{"start":{"line":16,"column":0},"end":{"line":22,"column":2}},"6":{"start":{"line":17,"column":4},"end":{"line":21,"column":6}},"7":{"start":{"line":18,"column":8},"end":{"line":18,"column":34}},"8":{"start":{"line":20,"column":8},"end":{"line":20,"column":26}},"9":{"start":{"line":24,"column":1},"end":{"line":30,"column":2}},"10":{"start":{"line":25,"column":4},"end":{"line":29,"column":6}},"11":{"start":{"line":26,"column":8},"end":{"line":26,"column":34}},"12":{"start":{"line":28,"column":8},"end":{"line":28,"column":26}},"13":{"start":{"line":32,"column":0},"end":{"line":46,"column":1}},"14":{"start":{"line":33,"column":22},"end":{"line":33,"column":33}},"15":{"start":{"line":34,"column":4},"end":{"line":34,"column":34}},"16":{"start":{"line":35,"column":4},"end":{"line":35,"column":34}},"17":{"start":{"line":36,"column":4},"end":{"line":36,"column":44}},"18":{"start":{"line":37,"column":4},"end":{"line":37,"column":34}},"19":{"start":{"line":38,"column":4},"end":{"line":38,"column":38}},"20":{"start":{"line":40,"column":4},"end":{"line":45,"column":6}},"21":{"start":{"line":41,"column":8},"end":{"line":41,"column":37}},"22":{"start":{"line":43,"column":8},"end":{"line":43,"column":26}},"23":{"start":{"line":44,"column":8},"end":{"line":44,"column":38}},"24":{"start":{"line":47,"column":0},"end":{"line":51,"column":1}},"25":{"start":{"line":48,"column":4},"end":{"line":50,"column":6}},"26":{"start":{"line":49,"column":8},"end":{"line":49,"column":34}},"27":{"start":{"line":52,"column":0},"end":{"line":56,"column":1}},"28":{"start":{"line":53,"column":8},"end":{"line":55,"column":6}},"29":{"start":{"line":54,"column":8},"end":{"line":54,"column":34}},"30":{"start":{"line":57,"column":0},"end":{"line":78,"column":1}},"31":{"start":{"line":58,"column":4},"end":{"line":77,"column":6}},"32":{"start":{"line":68,"column":8},"end":{"line":72,"column":9}},"33":{"start":{"line":69,"column":12},"end":{"line":69,"column":61}},"34":{"start":{"line":71,"column":12},"end":{"line":71,"column":84}},"35":{"start":{"line":75,"column":8},"end":{"line":75,"column":50}},"36":{"start":{"line":76,"column":8},"end":{"line":76,"column":48}},"37":{"start":{"line":79,"column":0},"end":{"line":92,"column":1}},"38":{"start":{"line":80,"column":4},"end":{"line":91,"column":6}},"39":{"start":{"line":82,"column":8},"end":{"line":86,"column":9}},"40":{"start":{"line":83,"column":12},"end":{"line":83,"column":75}},"41":{"start":{"line":85,"column":12},"end":{"line":85,"column":84}},"42":{"start":{"line":89,"column":8},"end":{"line":89,"column":48}},"43":{"start":{"line":90,"column":8},"end":{"line":90,"column":48}},"44":{"start":{"line":97,"column":0},"end":{"line":97,"column":33}},"45":{"start":{"line":98,"column":0},"end":{"line":98,"column":48}}},"fnMap":{"0":{"name":"(anonymous_0)","decl":{"start":{"line":16,"column":31},"end":{"line":16,"column":32}},"loc":{"start":{"line":16,"column":56},"end":{"line":22,"column":2}},"line":16},"1":{"name":"(anonymous_1)","decl":{"start":{"line":17,"column":44},"end":{"line":17,"column":45}},"loc":{"start":{"line":17,"column":57},"end":{"line":19,"column":5}},"line":17},"2":{"name":"(anonymous_2)","decl":{"start":{"line":19,"column":13},"end":{"line":19,"column":14}},"loc":{"start":{"line":19,"column":24},"end":{"line":21,"column":5}},"line":19},"3":{"name":"(anonymous_3)","decl":{"start":{"line":24,"column":28},"end":{"line":24,"column":29}},"loc":{"start":{"line":24,"column":53},"end":{"line":30,"column":2}},"line":24},"4":{"name":"(anonymous_4)","decl":{"start":{"line":25,"column":38},"end":{"line":25,"column":39}},"loc":{"start":{"line":25,"column":51},"end":{"line":27,"column":5}},"line":25},"5":{"name":"(anonymous_5)","decl":{"start":{"line":27,"column":13},"end":{"line":27,"column":14}},"loc":{"start":{"line":27,"column":24},"end":{"line":29,"column":5}},"line":27},"6":{"name":"(anonymous_6)","decl":{"start":{"line":32,"column":26},"end":{"line":32,"column":27}},"loc":{"start":{"line":32,"column":51},"end":{"line":46,"column":1}},"line":32},"7":{"name":"(anonymous_7)","decl":{"start":{"line":40,"column":26},"end":{"line":40,"column":27}},"loc":{"start":{"line":40,"column":39},"end":{"line":42,"column":5}},"line":40},"8":{"name":"(anonymous_8)","decl":{"start":{"line":42,"column":13},"end":{"line":42,"column":14}},"loc":{"start":{"line":42,"column":24},"end":{"line":45,"column":5}},"line":42},"9":{"name":"(anonymous_9)","decl":{"start":{"line":47,"column":30},"end":{"line":47,"column":31}},"loc":{"start":{"line":47,"column":55},"end":{"line":51,"column":1}},"line":47},"10":{"name":"(anonymous_10)","decl":{"start":{"line":48,"column":29},"end":{"line":48,"column":30}},"loc":{"start":{"line":48,"column":44},"end":{"line":50,"column":5}},"line":48},"11":{"name":"(anonymous_11)","decl":{"start":{"line":52,"column":27},"end":{"line":52,"column":28}},"loc":{"start":{"line":52,"column":52},"end":{"line":56,"column":1}},"line":52},"12":{"name":"(anonymous_12)","decl":{"start":{"line":53,"column":45},"end":{"line":53,"column":46}},"loc":{"start":{"line":53,"column":60},"end":{"line":55,"column":5}},"line":53},"13":{"name":"(anonymous_13)","decl":{"start":{"line":57,"column":29},"end":{"line":57,"column":30}},"loc":{"start":{"line":57,"column":54},"end":{"line":78,"column":1}},"line":57},"14":{"name":"(anonymous_14)","decl":{"start":{"line":67,"column":10},"end":{"line":67,"column":11}},"loc":{"start":{"line":67,"column":25},"end":{"line":73,"column":5}},"line":67},"15":{"name":"(anonymous_15)","decl":{"start":{"line":74,"column":11},"end":{"line":74,"column":12}},"loc":{"start":{"line":74,"column":22},"end":{"line":77,"column":5}},"line":74},"16":{"name":"(anonymous_16)","decl":{"start":{"line":79,"column":27},"end":{"line":79,"column":28}},"loc":{"start":{"line":79,"column":52},"end":{"line":92,"column":1}},"line":79},"17":{"name":"(anonymous_17)","decl":{"start":{"line":81,"column":10},"end":{"line":81,"column":11}},"loc":{"start":{"line":81,"column":25},"end":{"line":87,"column":5}},"line":81},"18":{"name":"(anonymous_18)","decl":{"start":{"line":88,"column":11},"end":{"line":88,"column":12}},"loc":{"start":{"line":88,"column":22},"end":{"line":91,"column":5}},"line":88}},"branchMap":{"0":{"loc":{"start":{"line":68,"column":8},"end":{"line":72,"column":9}},"type":"if","locations":[{"start":{"line":68,"column":8},"end":{"line":72,"column":9}},{"start":{"line":70,"column":15},"end":{"line":72,"column":9}}],"line":68},"1":{"loc":{"start":{"line":82,"column":8},"end":{"line":86,"column":9}},"type":"if","locations":[{"start":{"line":82,"column":8},"end":{"line":86,"column":9}},{"start":{"line":84,"column":15},"end":{"line":86,"column":9}}],"line":82}},"s":{"0":1,"1":1,"2":1,"3":1,"4":1,"5":1,"6":6,"7":6,"8":0,"9":1,"10":3,"11":3,"12":0,"13":1,"14":5,"15":5,"16":5,"17":5,"18":5,"19":5,"20":5,"21":5,"22":0,"23":0,"24":1,"25":1,"26":1,"27":1,"28":1,"29":1,"30":1,"31":1,"32":1,"33":1,"34":0,"35":0,"36":0,"37":1,"38":1,"39":1,"40":1,"41":0,"42":0,"43":0,"44":1,"45":1},"f":{"0":6,"1":6,"2":0,"3":3,"4":3,"5":0,"6":5,"7":5,"8":0,"9":1,"10":1,"11":1,"12":1,"13":1,"14":1,"15":0,"16":1,"17":1,"18":0},"b":{"0":[1,0],"1":[1,0]},"_coverageSchema":"1a1c01bbd47fc00a2c39e90264f33305004495a9","hash":"1f5b0b0cf691f282a9395c3c1d7c595cc025b560"}
,"C:\\Users\\darkx\\Desktop\\GIT TEST\\BIT-Project\\back\\apis\\models\\usuariosmodel.js": {"path":"C:\\Users\\darkx\\Desktop\\GIT TEST\\BIT-Project\\back\\apis\\models\\usuariosmodel.js","statementMap":{"0":{"start":{"line":1,"column":17},"end":{"line":1,"column":36}},"1":{"start":{"line":2,"column":13},"end":{"line":2,"column":28}},"2":{"start":{"line":3,"column":20},"end":{"line":3,"column":22}},"3":{"start":{"line":5,"column":21},"end":{"line":16,"column":2}},"4":{"start":{"line":18,"column":16},"end":{"line":18,"column":57}},"5":{"start":{"line":20,"column":0},"end":{"line":38,"column":1}},"6":{"start":{"line":21,"column":22},"end":{"line":21,"column":33}},"7":{"start":{"line":23,"column":4},"end":{"line":23,"column":34}},"8":{"start":{"line":24,"column":4},"end":{"line":24,"column":32}},"9":{"start":{"line":25,"column":4},"end":{"line":25,"column":38}},"10":{"start":{"line":26,"column":4},"end":{"line":26,"column":33}},"11":{"start":{"line":27,"column":4},"end":{"line":27,"column":37}},"12":{"start":{"line":28,"column":4},"end":{"line":28,"column":29}},"13":{"start":{"line":29,"column":4},"end":{"line":29,"column":36}},"14":{"start":{"line":31,"column":4},"end":{"line":37,"column":6}},"15":{"start":{"line":33,"column":8},"end":{"line":33,"column":37}},"16":{"start":{"line":36,"column":8},"end":{"line":36,"column":38}},"17":{"start":{"line":40,"column":0},"end":{"line":48,"column":1}},"18":{"start":{"line":41,"column":4},"end":{"line":47,"column":10}},"19":{"start":{"line":46,"column":12},"end":{"line":46,"column":38}},"20":{"start":{"line":50,"column":0},"end":{"line":56,"column":1}},"21":{"start":{"line":52,"column":4},"end":{"line":54,"column":6}},"22":{"start":{"line":53,"column":8},"end":{"line":53,"column":34}},"23":{"start":{"line":58,"column":0},"end":{"line":62,"column":1}},"24":{"start":{"line":59,"column":4},"end":{"line":61,"column":6}},"25":{"start":{"line":60,"column":8},"end":{"line":60,"column":34}},"26":{"start":{"line":63,"column":0},"end":{"line":69,"column":1}},"27":{"start":{"line":65,"column":4},"end":{"line":67,"column":6}},"28":{"start":{"line":66,"column":8},"end":{"line":66,"column":34}},"29":{"start":{"line":75,"column":0},"end":{"line":94,"column":1}},"30":{"start":{"line":76,"column":22},"end":{"line":76,"column":33}},"31":{"start":{"line":77,"column":4},"end":{"line":77,"column":28}},"32":{"start":{"line":78,"column":4},"end":{"line":78,"column":34}},"33":{"start":{"line":79,"column":4},"end":{"line":79,"column":32}},"34":{"start":{"line":80,"column":4},"end":{"line":80,"column":36}},"35":{"start":{"line":81,"column":4},"end":{"line":81,"column":38}},"36":{"start":{"line":82,"column":4},"end":{"line":82,"column":29}},"37":{"start":{"line":83,"column":4},"end":{"line":83,"column":31}},"38":{"start":{"line":87,"column":4},"end":{"line":93,"column":6}},"39":{"start":{"line":89,"column":8},"end":{"line":89,"column":37}},"40":{"start":{"line":92,"column":8},"end":{"line":92,"column":38}},"41":{"start":{"line":97,"column":0},"end":{"line":101,"column":1}},"42":{"start":{"line":98,"column":4},"end":{"line":100,"column":6}},"43":{"start":{"line":99,"column":8},"end":{"line":99,"column":42}},"44":{"start":{"line":103,"column":0},"end":{"line":107,"column":1}},"45":{"start":{"line":104,"column":4},"end":{"line":106,"column":6}},"46":{"start":{"line":105,"column":8},"end":{"line":105,"column":42}},"47":{"start":{"line":109,"column":0},"end":{"line":124,"column":1}},"48":{"start":{"line":111,"column":4},"end":{"line":123,"column":10}},"49":{"start":{"line":119,"column":12},"end":{"line":119,"column":41}},"50":{"start":{"line":122,"column":12},"end":{"line":122,"column":42}},"51":{"start":{"line":126,"column":0},"end":{"line":136,"column":1}},"52":{"start":{"line":127,"column":4},"end":{"line":135,"column":10}},"53":{"start":{"line":131,"column":12},"end":{"line":131,"column":41}},"54":{"start":{"line":134,"column":12},"end":{"line":134,"column":42}},"55":{"start":{"line":138,"column":0},"end":{"line":146,"column":1}},"56":{"start":{"line":140,"column":4},"end":{"line":145,"column":10}},"57":{"start":{"line":141,"column":12},"end":{"line":141,"column":41}},"58":{"start":{"line":144,"column":12},"end":{"line":144,"column":42}},"59":{"start":{"line":148,"column":0},"end":{"line":156,"column":1}},"60":{"start":{"line":150,"column":4},"end":{"line":155,"column":6}},"61":{"start":{"line":151,"column":8},"end":{"line":151,"column":37}},"62":{"start":{"line":154,"column":8},"end":{"line":154,"column":38}},"63":{"start":{"line":158,"column":0},"end":{"line":166,"column":1}},"64":{"start":{"line":160,"column":4},"end":{"line":165,"column":6}},"65":{"start":{"line":161,"column":8},"end":{"line":161,"column":36}},"66":{"start":{"line":164,"column":8},"end":{"line":164,"column":38}},"67":{"start":{"line":168,"column":0},"end":{"line":168,"column":31}},"68":{"start":{"line":169,"column":0},"end":{"line":169,"column":44}}},"fnMap":{"0":{"name":"(anonymous_0)","decl":{"start":{"line":20,"column":26},"end":{"line":20,"column":27}},"loc":{"start":{"line":20,"column":50},"end":{"line":38,"column":1}},"line":20},"1":{"name":"(anonymous_1)","decl":{"start":{"line":31,"column":26},"end":{"line":31,"column":27}},"loc":{"start":{"line":31,"column":41},"end":{"line":34,"column":5}},"line":31},"2":{"name":"(anonymous_2)","decl":{"start":{"line":34,"column":13},"end":{"line":34,"column":14}},"loc":{"start":{"line":34,"column":24},"end":{"line":37,"column":5}},"line":34},"3":{"name":"(anonymous_3)","decl":{"start":{"line":40,"column":24},"end":{"line":40,"column":25}},"loc":{"start":{"line":40,"column":48},"end":{"line":48,"column":1}},"line":40},"4":{"name":"(anonymous_4)","decl":{"start":{"line":45,"column":16},"end":{"line":45,"column":17}},"loc":{"start":{"line":45,"column":31},"end":{"line":47,"column":9}},"line":45},"5":{"name":"(anonymous_5)","decl":{"start":{"line":50,"column":29},"end":{"line":50,"column":30}},"loc":{"start":{"line":50,"column":53},"end":{"line":56,"column":1}},"line":50},"6":{"name":"(anonymous_6)","decl":{"start":{"line":52,"column":42},"end":{"line":52,"column":43}},"loc":{"start":{"line":52,"column":57},"end":{"line":54,"column":5}},"line":52},"7":{"name":"(anonymous_7)","decl":{"start":{"line":58,"column":22},"end":{"line":58,"column":23}},"loc":{"start":{"line":58,"column":45},"end":{"line":62,"column":1}},"line":58},"8":{"name":"(anonymous_8)","decl":{"start":{"line":59,"column":65},"end":{"line":59,"column":66}},"loc":{"start":{"line":59,"column":80},"end":{"line":61,"column":5}},"line":59},"9":{"name":"(anonymous_9)","decl":{"start":{"line":63,"column":25},"end":{"line":63,"column":26}},"loc":{"start":{"line":63,"column":49},"end":{"line":69,"column":1}},"line":63},"10":{"name":"(anonymous_10)","decl":{"start":{"line":65,"column":38},"end":{"line":65,"column":39}},"loc":{"start":{"line":65,"column":53},"end":{"line":67,"column":5}},"line":65},"11":{"name":"(anonymous_11)","decl":{"start":{"line":75,"column":24},"end":{"line":75,"column":25}},"loc":{"start":{"line":75,"column":48},"end":{"line":94,"column":1}},"line":75},"12":{"name":"(anonymous_12)","decl":{"start":{"line":87,"column":26},"end":{"line":87,"column":27}},"loc":{"start":{"line":87,"column":41},"end":{"line":90,"column":5}},"line":87},"13":{"name":"(anonymous_13)","decl":{"start":{"line":90,"column":13},"end":{"line":90,"column":14}},"loc":{"start":{"line":90,"column":24},"end":{"line":93,"column":5}},"line":90},"14":{"name":"(anonymous_14)","decl":{"start":{"line":97,"column":28},"end":{"line":97,"column":29}},"loc":{"start":{"line":97,"column":52},"end":{"line":101,"column":1}},"line":97},"15":{"name":"(anonymous_15)","decl":{"start":{"line":98,"column":46},"end":{"line":98,"column":47}},"loc":{"start":{"line":98,"column":61},"end":{"line":100,"column":5}},"line":98},"16":{"name":"(anonymous_16)","decl":{"start":{"line":103,"column":25},"end":{"line":103,"column":26}},"loc":{"start":{"line":103,"column":49},"end":{"line":107,"column":1}},"line":103},"17":{"name":"(anonymous_17)","decl":{"start":{"line":104,"column":57},"end":{"line":104,"column":58}},"loc":{"start":{"line":104,"column":72},"end":{"line":106,"column":5}},"line":104},"18":{"name":"(anonymous_18)","decl":{"start":{"line":109,"column":27},"end":{"line":109,"column":28}},"loc":{"start":{"line":109,"column":51},"end":{"line":124,"column":1}},"line":109},"19":{"name":"(anonymous_19)","decl":{"start":{"line":118,"column":16},"end":{"line":118,"column":17}},"loc":{"start":{"line":118,"column":31},"end":{"line":120,"column":9}},"line":118},"20":{"name":"(anonymous_20)","decl":{"start":{"line":120,"column":17},"end":{"line":120,"column":18}},"loc":{"start":{"line":120,"column":28},"end":{"line":123,"column":9}},"line":120},"21":{"name":"(anonymous_21)","decl":{"start":{"line":126,"column":31},"end":{"line":126,"column":32}},"loc":{"start":{"line":126,"column":55},"end":{"line":136,"column":1}},"line":126},"22":{"name":"(anonymous_22)","decl":{"start":{"line":130,"column":16},"end":{"line":130,"column":17}},"loc":{"start":{"line":130,"column":31},"end":{"line":132,"column":9}},"line":130},"23":{"name":"(anonymous_23)","decl":{"start":{"line":132,"column":17},"end":{"line":132,"column":18}},"loc":{"start":{"line":132,"column":28},"end":{"line":135,"column":9}},"line":132},"24":{"name":"(anonymous_24)","decl":{"start":{"line":138,"column":25},"end":{"line":138,"column":26}},"loc":{"start":{"line":138,"column":49},"end":{"line":146,"column":1}},"line":138},"25":{"name":"(anonymous_25)","decl":{"start":{"line":140,"column":50},"end":{"line":140,"column":51}},"loc":{"start":{"line":140,"column":65},"end":{"line":142,"column":9}},"line":140},"26":{"name":"(anonymous_26)","decl":{"start":{"line":142,"column":17},"end":{"line":142,"column":18}},"loc":{"start":{"line":142,"column":28},"end":{"line":145,"column":9}},"line":142},"27":{"name":"(anonymous_27)","decl":{"start":{"line":148,"column":39},"end":{"line":148,"column":40}},"loc":{"start":{"line":148,"column":63},"end":{"line":156,"column":1}},"line":148},"28":{"name":"(anonymous_28)","decl":{"start":{"line":150,"column":80},"end":{"line":150,"column":81}},"loc":{"start":{"line":150,"column":95},"end":{"line":152,"column":5}},"line":150},"29":{"name":"(anonymous_29)","decl":{"start":{"line":152,"column":13},"end":{"line":152,"column":14}},"loc":{"start":{"line":152,"column":24},"end":{"line":155,"column":5}},"line":152},"30":{"name":"(anonymous_30)","decl":{"start":{"line":158,"column":30},"end":{"line":158,"column":31}},"loc":{"start":{"line":158,"column":54},"end":{"line":166,"column":1}},"line":158},"31":{"name":"(anonymous_31)","decl":{"start":{"line":160,"column":106},"end":{"line":160,"column":107}},"loc":{"start":{"line":160,"column":121},"end":{"line":162,"column":5}},"line":160},"32":{"name":"(anonymous_32)","decl":{"start":{"line":162,"column":13},"end":{"line":162,"column":14}},"loc":{"start":{"line":162,"column":24},"end":{"line":165,"column":5}},"line":162}},"branchMap":{},"s":{"0":1,"1":1,"2":1,"3":1,"4":1,"5":1,"6":2,"7":2,"8":2,"9":2,"10":2,"11":2,"12":2,"13":2,"14":2,"15":2,"16":0,"17":1,"18":2,"19":2,"20":1,"21":7,"22":7,"23":1,"24":1,"25":1,"26":1,"27":2,"28":2,"29":1,"30":4,"31":4,"32":4,"33":4,"34":4,"35":4,"36":4,"37":4,"38":4,"39":4,"40":0,"41":1,"42":1,"43":1,"44":1,"45":0,"46":0,"47":1,"48":0,"49":0,"50":0,"51":1,"52":1,"53":1,"54":0,"55":1,"56":1,"57":1,"58":0,"59":1,"60":0,"61":0,"62":0,"63":1,"64":0,"65":0,"66":0,"67":1,"68":1},"f":{"0":2,"1":2,"2":0,"3":2,"4":2,"5":7,"6":7,"7":1,"8":1,"9":2,"10":2,"11":4,"12":4,"13":0,"14":1,"15":1,"16":0,"17":0,"18":0,"19":0,"20":0,"21":1,"22":1,"23":0,"24":1,"25":1,"26":0,"27":0,"28":0,"29":0,"30":0,"31":0,"32":0},"b":{},"_coverageSchema":"1a1c01bbd47fc00a2c39e90264f33305004495a9","hash":"f7a9e94cdd25ebb641f44b4bd536a952c2bf3b5e"}
}
