{"C:\\Users\\darkx\\Desktop\\GIT TEST\\sal-sistema-de-administracion-logistica-\\back\\config.js": {"path":"C:\\Users\\darkx\\Desktop\\GIT TEST\\sal-sistema-de-administracion-logistica-\\back\\config.js","statementMap":{"0":{"start":{"line":1,"column":13},"end":{"line":3,"column":1}},"1":{"start":{"line":5,"column":0},"end":{"line":5,"column":23}},"2":{"start":{"line":6,"column":0},"end":{"line":6,"column":40}},"3":{"start":{"line":8,"column":0},"end":{"line":8,"column":21}},"4":{"start":{"line":9,"column":0},"end":{"line":9,"column":29}},"5":{"start":{"line":10,"column":0},"end":{"line":10,"column":20}},"6":{"start":{"line":11,"column":0},"end":{"line":11,"column":101}},"7":{"start":{"line":12,"column":0},"end":{"line":12,"column":26}},"8":{"start":{"line":15,"column":0},"end":{"line":15,"column":36}},"9":{"start":{"line":16,"column":0},"end":{"line":16,"column":23}},"10":{"start":{"line":17,"column":0},"end":{"line":17,"column":40}},"11":{"start":{"line":18,"column":0},"end":{"line":18,"column":38}},"12":{"start":{"line":21,"column":0},"end":{"line":25,"column":1}},"13":{"start":{"line":28,"column":0},"end":{"line":28,"column":30}}},"fnMap":{},"branchMap":{},"s":{"0":1,"1":1,"2":1,"3":1,"4":1,"5":1,"6":1,"7":1,"8":1,"9":1,"10":1,"11":1,"12":1,"13":1},"f":{},"b":{},"_coverageSchema":"1a1c01bbd47fc00a2c39e90264f33305004495a9","hash":"f05c7b1097f0833f9a928fb2e7e5f8a1a986f29e"}
,"C:\\Users\\darkx\\Desktop\\GIT TEST\\sal-sistema-de-administracion-logistica-\\back\\apis\\controllers\\usuariosController.js": {"path":"C:\\Users\\darkx\\Desktop\\GIT TEST\\sal-sistema-de-administracion-logistica-\\back\\apis\\controllers\\usuariosController.js","statementMap":{"0":{"start":{"line":1,"column":22},"end":{"line":1,"column":73}},"1":{"start":{"line":2,"column":25},"end":{"line":2,"column":27}},"2":{"start":{"line":5,"column":0},"end":{"line":60,"column":1}},"3":{"start":{"line":6,"column":11},"end":{"line":12,"column":5}},"4":{"start":{"line":14,"column":4},"end":{"line":17,"column":5}},"5":{"start":{"line":15,"column":8},"end":{"line":15,"column":90}},"6":{"start":{"line":16,"column":8},"end":{"line":16,"column":20}},"7":{"start":{"line":19,"column":4},"end":{"line":22,"column":5}},"8":{"start":{"line":20,"column":8},"end":{"line":20,"column":89}},"9":{"start":{"line":21,"column":8},"end":{"line":21,"column":20}},"10":{"start":{"line":24,"column":4},"end":{"line":27,"column":5}},"11":{"start":{"line":25,"column":8},"end":{"line":25,"column":80}},"12":{"start":{"line":26,"column":8},"end":{"line":26,"column":20}},"13":{"start":{"line":30,"column":4},"end":{"line":33,"column":5}},"14":{"start":{"line":31,"column":8},"end":{"line":31,"column":75}},"15":{"start":{"line":32,"column":8},"end":{"line":32,"column":20}},"16":{"start":{"line":40,"column":4},"end":{"line":40,"column":63}},"17":{"start":{"line":42,"column":4},"end":{"line":58,"column":6}},"18":{"start":{"line":44,"column":8},"end":{"line":57,"column":9}},"19":{"start":{"line":46,"column":12},"end":{"line":53,"column":14}},"20":{"start":{"line":47,"column":16},"end":{"line":52,"column":17}},"21":{"start":{"line":48,"column":20},"end":{"line":48,"column":83}},"22":{"start":{"line":51,"column":20},"end":{"line":51,"column":76}},"23":{"start":{"line":56,"column":12},"end":{"line":56,"column":88}},"24":{"start":{"line":62,"column":0},"end":{"line":67,"column":1}},"25":{"start":{"line":63,"column":4},"end":{"line":65,"column":6}},"26":{"start":{"line":64,"column":8},"end":{"line":64,"column":51}},"27":{"start":{"line":69,"column":0},"end":{"line":83,"column":1}},"28":{"start":{"line":70,"column":15},"end":{"line":72,"column":5}},"29":{"start":{"line":74,"column":4},"end":{"line":77,"column":5}},"30":{"start":{"line":75,"column":8},"end":{"line":75,"column":87}},"31":{"start":{"line":76,"column":8},"end":{"line":76,"column":20}},"32":{"start":{"line":79,"column":4},"end":{"line":81,"column":6}},"33":{"start":{"line":80,"column":8},"end":{"line":80,"column":51}},"34":{"start":{"line":85,"column":0},"end":{"line":131,"column":1}},"35":{"start":{"line":86,"column":11},"end":{"line":92,"column":5}},"36":{"start":{"line":93,"column":4},"end":{"line":93,"column":21}},"37":{"start":{"line":95,"column":4},"end":{"line":98,"column":5}},"38":{"start":{"line":96,"column":8},"end":{"line":96,"column":87}},"39":{"start":{"line":97,"column":8},"end":{"line":97,"column":20}},"40":{"start":{"line":100,"column":4},"end":{"line":103,"column":5}},"41":{"start":{"line":101,"column":8},"end":{"line":101,"column":90}},"42":{"start":{"line":102,"column":8},"end":{"line":102,"column":20}},"43":{"start":{"line":105,"column":4},"end":{"line":108,"column":5}},"44":{"start":{"line":106,"column":8},"end":{"line":106,"column":78}},"45":{"start":{"line":107,"column":8},"end":{"line":107,"column":20}},"46":{"start":{"line":110,"column":5},"end":{"line":113,"column":5}},"47":{"start":{"line":111,"column":8},"end":{"line":111,"column":75}},"48":{"start":{"line":112,"column":8},"end":{"line":112,"column":20}},"49":{"start":{"line":115,"column":4},"end":{"line":129,"column":6}},"50":{"start":{"line":116,"column":8},"end":{"line":128,"column":9}},"51":{"start":{"line":117,"column":12},"end":{"line":117,"column":76}},"52":{"start":{"line":118,"column":12},"end":{"line":118,"column":24}},"53":{"start":{"line":122,"column":12},"end":{"line":127,"column":14}},"54":{"start":{"line":123,"column":16},"end":{"line":126,"column":17}},"55":{"start":{"line":124,"column":20},"end":{"line":124,"column":83}},"56":{"start":{"line":125,"column":20},"end":{"line":125,"column":32}},"57":{"start":{"line":133,"column":0},"end":{"line":161,"column":1}},"58":{"start":{"line":134,"column":15},"end":{"line":136,"column":5}},"59":{"start":{"line":139,"column":4},"end":{"line":142,"column":5}},"60":{"start":{"line":140,"column":8},"end":{"line":140,"column":87}},"61":{"start":{"line":141,"column":8},"end":{"line":141,"column":20}},"62":{"start":{"line":144,"column":4},"end":{"line":159,"column":6}},"63":{"start":{"line":146,"column":8},"end":{"line":158,"column":9}},"64":{"start":{"line":147,"column":12},"end":{"line":147,"column":79}},"65":{"start":{"line":148,"column":12},"end":{"line":148,"column":24}},"66":{"start":{"line":152,"column":12},"end":{"line":157,"column":14}},"67":{"start":{"line":153,"column":16},"end":{"line":156,"column":17}},"68":{"start":{"line":154,"column":20},"end":{"line":154,"column":81}},"69":{"start":{"line":155,"column":20},"end":{"line":155,"column":32}},"70":{"start":{"line":165,"column":0},"end":{"line":254,"column":1}},"71":{"start":{"line":167,"column":15},"end":{"line":171,"column":5}},"72":{"start":{"line":173,"column":4},"end":{"line":176,"column":5}},"73":{"start":{"line":174,"column":8},"end":{"line":174,"column":78}},"74":{"start":{"line":175,"column":8},"end":{"line":175,"column":20}},"75":{"start":{"line":178,"column":4},"end":{"line":181,"column":5}},"76":{"start":{"line":179,"column":8},"end":{"line":179,"column":77}},"77":{"start":{"line":180,"column":8},"end":{"line":180,"column":20}},"78":{"start":{"line":183,"column":4},"end":{"line":186,"column":5}},"79":{"start":{"line":184,"column":8},"end":{"line":184,"column":80}},"80":{"start":{"line":185,"column":8},"end":{"line":185,"column":20}},"81":{"start":{"line":188,"column":4},"end":{"line":188,"column":63}},"82":{"start":{"line":190,"column":15},"end":{"line":190,"column":70}},"83":{"start":{"line":191,"column":4},"end":{"line":191,"column":22}},"84":{"start":{"line":193,"column":4},"end":{"line":253,"column":6}},"85":{"start":{"line":194,"column":8},"end":{"line":252,"column":9}},"86":{"start":{"line":195,"column":12},"end":{"line":248,"column":14}},"87":{"start":{"line":196,"column":16},"end":{"line":247,"column":17}},"88":{"start":{"line":198,"column":40},"end":{"line":207,"column":22}},"89":{"start":{"line":209,"column":38},"end":{"line":231,"column":21}},"90":{"start":{"line":233,"column":20},"end":{"line":242,"column":22}},"91":{"start":{"line":234,"column":24},"end":{"line":241,"column":25}},"92":{"start":{"line":235,"column":28},"end":{"line":235,"column":46}},"93":{"start":{"line":236,"column":28},"end":{"line":236,"column":92}},"94":{"start":{"line":239,"column":28},"end":{"line":239,"column":45}},"95":{"start":{"line":240,"column":28},"end":{"line":240,"column":120}},"96":{"start":{"line":246,"column":20},"end":{"line":246,"column":93}},"97":{"start":{"line":251,"column":12},"end":{"line":251,"column":105}},"98":{"start":{"line":256,"column":0},"end":{"line":295,"column":1}},"99":{"start":{"line":258,"column":15},"end":{"line":261,"column":5}},"100":{"start":{"line":263,"column":4},"end":{"line":266,"column":5}},"101":{"start":{"line":264,"column":8},"end":{"line":264,"column":77}},"102":{"start":{"line":265,"column":8},"end":{"line":265,"column":20}},"103":{"start":{"line":268,"column":4},"end":{"line":271,"column":5}},"104":{"start":{"line":269,"column":8},"end":{"line":269,"column":80}},"105":{"start":{"line":270,"column":8},"end":{"line":270,"column":20}},"106":{"start":{"line":273,"column":4},"end":{"line":273,"column":63}},"107":{"start":{"line":275,"column":4},"end":{"line":294,"column":6}},"108":{"start":{"line":276,"column":8},"end":{"line":276,"column":30}},"109":{"start":{"line":277,"column":8},"end":{"line":293,"column":9}},"110":{"start":{"line":278,"column":12},"end":{"line":278,"column":74}},"111":{"start":{"line":281,"column":12},"end":{"line":291,"column":13}},"112":{"start":{"line":282,"column":12},"end":{"line":282,"column":94}},"113":{"start":{"line":285,"column":16},"end":{"line":285,"column":60}},"114":{"start":{"line":286,"column":16},"end":{"line":286,"column":58}},"115":{"start":{"line":287,"column":16},"end":{"line":287,"column":54}},"116":{"start":{"line":288,"column":16},"end":{"line":288,"column":54}},"117":{"start":{"line":290,"column":17},"end":{"line":290,"column":88}},"118":{"start":{"line":297,"column":0},"end":{"line":320,"column":1}},"119":{"start":{"line":298,"column":15},"end":{"line":301,"column":5}},"120":{"start":{"line":302,"column":3},"end":{"line":305,"column":5}},"121":{"start":{"line":303,"column":8},"end":{"line":303,"column":77}},"122":{"start":{"line":304,"column":8},"end":{"line":304,"column":20}},"123":{"start":{"line":306,"column":7},"end":{"line":309,"column":5}},"124":{"start":{"line":307,"column":8},"end":{"line":307,"column":78}},"125":{"start":{"line":308,"column":8},"end":{"line":308,"column":20}},"126":{"start":{"line":311,"column":4},"end":{"line":319,"column":6}},"127":{"start":{"line":312,"column":8},"end":{"line":317,"column":9}},"128":{"start":{"line":313,"column":12},"end":{"line":313,"column":87}},"129":{"start":{"line":316,"column":12},"end":{"line":316,"column":80}},"130":{"start":{"line":322,"column":0},"end":{"line":380,"column":1}},"131":{"start":{"line":323,"column":15},"end":{"line":325,"column":5}},"132":{"start":{"line":327,"column":4},"end":{"line":330,"column":5}},"133":{"start":{"line":328,"column":8},"end":{"line":328,"column":77}},"134":{"start":{"line":329,"column":8},"end":{"line":329,"column":20}},"135":{"start":{"line":332,"column":4},"end":{"line":332,"column":74}},"136":{"start":{"line":334,"column":4},"end":{"line":378,"column":6}},"137":{"start":{"line":336,"column":28},"end":{"line":345,"column":22}},"138":{"start":{"line":347,"column":38},"end":{"line":365,"column":21}},"139":{"start":{"line":367,"column":20},"end":{"line":376,"column":22}},"140":{"start":{"line":368,"column":24},"end":{"line":375,"column":25}},"141":{"start":{"line":369,"column":28},"end":{"line":369,"column":46}},"142":{"start":{"line":370,"column":28},"end":{"line":370,"column":92}},"143":{"start":{"line":373,"column":28},"end":{"line":373,"column":45}},"144":{"start":{"line":374,"column":28},"end":{"line":374,"column":119}},"145":{"start":{"line":382,"column":0},"end":{"line":416,"column":1}},"146":{"start":{"line":383,"column":15},"end":{"line":387,"column":5}},"147":{"start":{"line":389,"column":4},"end":{"line":392,"column":5}},"148":{"start":{"line":390,"column":8},"end":{"line":390,"column":77}},"149":{"start":{"line":391,"column":8},"end":{"line":391,"column":20}},"150":{"start":{"line":394,"column":4},"end":{"line":397,"column":5}},"151":{"start":{"line":395,"column":8},"end":{"line":395,"column":81}},"152":{"start":{"line":396,"column":8},"end":{"line":396,"column":20}},"153":{"start":{"line":399,"column":4},"end":{"line":402,"column":5}},"154":{"start":{"line":400,"column":8},"end":{"line":400,"column":80}},"155":{"start":{"line":401,"column":8},"end":{"line":401,"column":20}},"156":{"start":{"line":404,"column":4},"end":{"line":404,"column":63}},"157":{"start":{"line":406,"column":4},"end":{"line":415,"column":6}},"158":{"start":{"line":407,"column":8},"end":{"line":414,"column":9}},"159":{"start":{"line":408,"column":12},"end":{"line":408,"column":100}},"160":{"start":{"line":409,"column":12},"end":{"line":409,"column":24}},"161":{"start":{"line":412,"column":12},"end":{"line":412,"column":74}},"162":{"start":{"line":413,"column":12},"end":{"line":413,"column":23}},"163":{"start":{"line":418,"column":0},"end":{"line":440,"column":1}},"164":{"start":{"line":419,"column":15},"end":{"line":422,"column":5}},"165":{"start":{"line":424,"column":4},"end":{"line":427,"column":5}},"166":{"start":{"line":425,"column":8},"end":{"line":425,"column":80}},"167":{"start":{"line":426,"column":8},"end":{"line":426,"column":20}},"168":{"start":{"line":429,"column":4},"end":{"line":432,"column":5}},"169":{"start":{"line":430,"column":8},"end":{"line":430,"column":92}},"170":{"start":{"line":431,"column":8},"end":{"line":431,"column":20}},"171":{"start":{"line":434,"column":4},"end":{"line":434,"column":63}},"172":{"start":{"line":436,"column":4},"end":{"line":439,"column":6}},"173":{"start":{"line":438,"column":8},"end":{"line":438,"column":78}},"174":{"start":{"line":442,"column":0},"end":{"line":442,"column":54}}},"fnMap":{"0":{"name":"(anonymous_0)","decl":{"start":{"line":5,"column":29},"end":{"line":5,"column":30}},"loc":{"start":{"line":5,"column":56},"end":{"line":60,"column":1}},"line":5},"1":{"name":"(anonymous_1)","decl":{"start":{"line":42,"column":37},"end":{"line":42,"column":38}},"loc":{"start":{"line":42,"column":53},"end":{"line":58,"column":5}},"line":42},"2":{"name":"(anonymous_2)","decl":{"start":{"line":46,"column":40},"end":{"line":46,"column":41}},"loc":{"start":{"line":46,"column":59},"end":{"line":53,"column":13}},"line":46},"3":{"name":"(anonymous_3)","decl":{"start":{"line":62,"column":33},"end":{"line":62,"column":34}},"loc":{"start":{"line":62,"column":60},"end":{"line":67,"column":1}},"line":62},"4":{"name":"(anonymous_4)","decl":{"start":{"line":63,"column":34},"end":{"line":63,"column":35}},"loc":{"start":{"line":63,"column":53},"end":{"line":65,"column":5}},"line":63},"5":{"name":"(anonymous_5)","decl":{"start":{"line":69,"column":30},"end":{"line":69,"column":31}},"loc":{"start":{"line":69,"column":57},"end":{"line":83,"column":1}},"line":69},"6":{"name":"(anonymous_6)","decl":{"start":{"line":79,"column":33},"end":{"line":79,"column":34}},"loc":{"start":{"line":79,"column":52},"end":{"line":81,"column":5}},"line":79},"7":{"name":"(anonymous_7)","decl":{"start":{"line":85,"column":32},"end":{"line":85,"column":33}},"loc":{"start":{"line":85,"column":59},"end":{"line":131,"column":1}},"line":85},"8":{"name":"(anonymous_8)","decl":{"start":{"line":115,"column":33},"end":{"line":115,"column":34}},"loc":{"start":{"line":115,"column":49},"end":{"line":129,"column":5}},"line":115},"9":{"name":"(anonymous_9)","decl":{"start":{"line":122,"column":43},"end":{"line":122,"column":44}},"loc":{"start":{"line":122,"column":62},"end":{"line":127,"column":13}},"line":122},"10":{"name":"(anonymous_10)","decl":{"start":{"line":133,"column":30},"end":{"line":133,"column":31}},"loc":{"start":{"line":133,"column":57},"end":{"line":161,"column":1}},"line":133},"11":{"name":"(anonymous_11)","decl":{"start":{"line":144,"column":33},"end":{"line":144,"column":34}},"loc":{"start":{"line":144,"column":49},"end":{"line":159,"column":5}},"line":144},"12":{"name":"(anonymous_12)","decl":{"start":{"line":152,"column":41},"end":{"line":152,"column":42}},"loc":{"start":{"line":152,"column":60},"end":{"line":157,"column":13}},"line":152},"13":{"name":"(anonymous_13)","decl":{"start":{"line":165,"column":31},"end":{"line":165,"column":32}},"loc":{"start":{"line":165,"column":58},"end":{"line":254,"column":1}},"line":165},"14":{"name":"(anonymous_14)","decl":{"start":{"line":193,"column":37},"end":{"line":193,"column":38}},"loc":{"start":{"line":193,"column":53},"end":{"line":253,"column":5}},"line":193},"15":{"name":"(anonymous_15)","decl":{"start":{"line":195,"column":42},"end":{"line":195,"column":43}},"loc":{"start":{"line":195,"column":61},"end":{"line":248,"column":13}},"line":195},"16":{"name":"(anonymous_16)","decl":{"start":{"line":233,"column":54},"end":{"line":233,"column":55}},"loc":{"start":{"line":233,"column":71},"end":{"line":242,"column":21}},"line":233},"17":{"name":"(anonymous_17)","decl":{"start":{"line":256,"column":27},"end":{"line":256,"column":28}},"loc":{"start":{"line":256,"column":54},"end":{"line":295,"column":1}},"line":256},"18":{"name":"(anonymous_18)","decl":{"start":{"line":275,"column":29},"end":{"line":275,"column":30}},"loc":{"start":{"line":275,"column":48},"end":{"line":294,"column":5}},"line":275},"19":{"name":"(anonymous_19)","decl":{"start":{"line":297,"column":29},"end":{"line":297,"column":30}},"loc":{"start":{"line":297,"column":56},"end":{"line":320,"column":1}},"line":297},"20":{"name":"(anonymous_20)","decl":{"start":{"line":311,"column":32},"end":{"line":311,"column":33}},"loc":{"start":{"line":311,"column":51},"end":{"line":319,"column":5}},"line":311},"21":{"name":"(anonymous_21)","decl":{"start":{"line":322,"column":44},"end":{"line":322,"column":45}},"loc":{"start":{"line":322,"column":71},"end":{"line":380,"column":1}},"line":322},"22":{"name":"(anonymous_22)","decl":{"start":{"line":334,"column":47},"end":{"line":334,"column":48}},"loc":{"start":{"line":334,"column":66},"end":{"line":378,"column":5}},"line":334},"23":{"name":"(anonymous_23)","decl":{"start":{"line":367,"column":54},"end":{"line":367,"column":55}},"loc":{"start":{"line":367,"column":71},"end":{"line":376,"column":21}},"line":367},"24":{"name":"(anonymous_24)","decl":{"start":{"line":382,"column":35},"end":{"line":382,"column":36}},"loc":{"start":{"line":382,"column":62},"end":{"line":416,"column":1}},"line":382},"25":{"name":"(anonymous_25)","decl":{"start":{"line":406,"column":38},"end":{"line":406,"column":39}},"loc":{"start":{"line":406,"column":57},"end":{"line":415,"column":5}},"line":406},"26":{"name":"(anonymous_26)","decl":{"start":{"line":418,"column":36},"end":{"line":418,"column":37}},"loc":{"start":{"line":418,"column":62},"end":{"line":440,"column":1}},"line":418},"27":{"name":"(anonymous_27)","decl":{"start":{"line":436,"column":38},"end":{"line":436,"column":39}},"loc":{"start":{"line":436,"column":57},"end":{"line":439,"column":5}},"line":436}},"branchMap":{"0":{"loc":{"start":{"line":14,"column":4},"end":{"line":17,"column":5}},"type":"if","locations":[{"start":{"line":14,"column":4},"end":{"line":17,"column":5}},{"start":{},"end":{}}],"line":14},"1":{"loc":{"start":{"line":14,"column":7},"end":{"line":14,"column":75}},"type":"binary-expr","locations":[{"start":{"line":14,"column":7},"end":{"line":14,"column":31}},{"start":{"line":14,"column":35},"end":{"line":14,"column":54}},{"start":{"line":14,"column":58},"end":{"line":14,"column":75}}],"line":14},"2":{"loc":{"start":{"line":19,"column":4},"end":{"line":22,"column":5}},"type":"if","locations":[{"start":{"line":19,"column":4},"end":{"line":22,"column":5}},{"start":{},"end":{}}],"line":19},"3":{"loc":{"start":{"line":19,"column":7},"end":{"line":19,"column":72}},"type":"binary-expr","locations":[{"start":{"line":19,"column":7},"end":{"line":19,"column":30}},{"start":{"line":19,"column":34},"end":{"line":19,"column":52}},{"start":{"line":19,"column":56},"end":{"line":19,"column":72}}],"line":19},"4":{"loc":{"start":{"line":24,"column":4},"end":{"line":27,"column":5}},"type":"if","locations":[{"start":{"line":24,"column":4},"end":{"line":27,"column":5}},{"start":{},"end":{}}],"line":24},"5":{"loc":{"start":{"line":24,"column":7},"end":{"line":24,"column":81}},"type":"binary-expr","locations":[{"start":{"line":24,"column":7},"end":{"line":24,"column":33}},{"start":{"line":24,"column":37},"end":{"line":24,"column":58}},{"start":{"line":24,"column":62},"end":{"line":24,"column":81}}],"line":24},"6":{"loc":{"start":{"line":30,"column":4},"end":{"line":33,"column":5}},"type":"if","locations":[{"start":{"line":30,"column":4},"end":{"line":33,"column":5}},{"start":{},"end":{}}],"line":30},"7":{"loc":{"start":{"line":30,"column":7},"end":{"line":30,"column":66}},"type":"binary-expr","locations":[{"start":{"line":30,"column":7},"end":{"line":30,"column":28}},{"start":{"line":30,"column":32},"end":{"line":30,"column":48}},{"start":{"line":30,"column":52},"end":{"line":30,"column":66}}],"line":30},"8":{"loc":{"start":{"line":44,"column":8},"end":{"line":57,"column":9}},"type":"if","locations":[{"start":{"line":44,"column":8},"end":{"line":57,"column":9}},{"start":{"line":55,"column":12},"end":{"line":57,"column":9}}],"line":44},"9":{"loc":{"start":{"line":47,"column":16},"end":{"line":52,"column":17}},"type":"if","locations":[{"start":{"line":47,"column":16},"end":{"line":52,"column":17}},{"start":{"line":50,"column":20},"end":{"line":52,"column":17}}],"line":47},"10":{"loc":{"start":{"line":74,"column":4},"end":{"line":77,"column":5}},"type":"if","locations":[{"start":{"line":74,"column":4},"end":{"line":77,"column":5}},{"start":{},"end":{}}],"line":74},"11":{"loc":{"start":{"line":95,"column":4},"end":{"line":98,"column":5}},"type":"if","locations":[{"start":{"line":95,"column":4},"end":{"line":98,"column":5}},{"start":{},"end":{}}],"line":95},"12":{"loc":{"start":{"line":100,"column":4},"end":{"line":103,"column":5}},"type":"if","locations":[{"start":{"line":100,"column":4},"end":{"line":103,"column":5}},{"start":{},"end":{}}],"line":100},"13":{"loc":{"start":{"line":100,"column":7},"end":{"line":100,"column":75}},"type":"binary-expr","locations":[{"start":{"line":100,"column":7},"end":{"line":100,"column":31}},{"start":{"line":100,"column":35},"end":{"line":100,"column":54}},{"start":{"line":100,"column":58},"end":{"line":100,"column":75}}],"line":100},"14":{"loc":{"start":{"line":105,"column":4},"end":{"line":108,"column":5}},"type":"if","locations":[{"start":{"line":105,"column":4},"end":{"line":108,"column":5}},{"start":{},"end":{}}],"line":105},"15":{"loc":{"start":{"line":105,"column":7},"end":{"line":105,"column":75}},"type":"binary-expr","locations":[{"start":{"line":105,"column":7},"end":{"line":105,"column":31}},{"start":{"line":105,"column":35},"end":{"line":105,"column":54}},{"start":{"line":105,"column":58},"end":{"line":105,"column":75}}],"line":105},"16":{"loc":{"start":{"line":110,"column":5},"end":{"line":113,"column":5}},"type":"if","locations":[{"start":{"line":110,"column":5},"end":{"line":113,"column":5}},{"start":{},"end":{}}],"line":110},"17":{"loc":{"start":{"line":110,"column":8},"end":{"line":110,"column":67}},"type":"binary-expr","locations":[{"start":{"line":110,"column":8},"end":{"line":110,"column":29}},{"start":{"line":110,"column":33},"end":{"line":110,"column":49}},{"start":{"line":110,"column":53},"end":{"line":110,"column":67}}],"line":110},"18":{"loc":{"start":{"line":116,"column":8},"end":{"line":128,"column":9}},"type":"if","locations":[{"start":{"line":116,"column":8},"end":{"line":128,"column":9}},{"start":{"line":120,"column":12},"end":{"line":128,"column":9}}],"line":116},"19":{"loc":{"start":{"line":123,"column":16},"end":{"line":126,"column":17}},"type":"if","locations":[{"start":{"line":123,"column":16},"end":{"line":126,"column":17}},{"start":{},"end":{}}],"line":123},"20":{"loc":{"start":{"line":139,"column":4},"end":{"line":142,"column":5}},"type":"if","locations":[{"start":{"line":139,"column":4},"end":{"line":142,"column":5}},{"start":{},"end":{}}],"line":139},"21":{"loc":{"start":{"line":146,"column":8},"end":{"line":158,"column":9}},"type":"if","locations":[{"start":{"line":146,"column":8},"end":{"line":158,"column":9}},{"start":{"line":150,"column":12},"end":{"line":158,"column":9}}],"line":146},"22":{"loc":{"start":{"line":153,"column":16},"end":{"line":156,"column":17}},"type":"if","locations":[{"start":{"line":153,"column":16},"end":{"line":156,"column":17}},{"start":{},"end":{}}],"line":153},"23":{"loc":{"start":{"line":173,"column":4},"end":{"line":176,"column":5}},"type":"if","locations":[{"start":{"line":173,"column":4},"end":{"line":176,"column":5}},{"start":{},"end":{}}],"line":173},"24":{"loc":{"start":{"line":173,"column":7},"end":{"line":173,"column":82}},"type":"binary-expr","locations":[{"start":{"line":173,"column":7},"end":{"line":173,"column":31}},{"start":{"line":173,"column":35},"end":{"line":173,"column":54}},{"start":{"line":173,"column":58},"end":{"line":173,"column":82}}],"line":173},"25":{"loc":{"start":{"line":178,"column":4},"end":{"line":181,"column":5}},"type":"if","locations":[{"start":{"line":178,"column":4},"end":{"line":181,"column":5}},{"start":{},"end":{}}],"line":178},"26":{"loc":{"start":{"line":178,"column":7},"end":{"line":178,"column":79}},"type":"binary-expr","locations":[{"start":{"line":178,"column":7},"end":{"line":178,"column":30}},{"start":{"line":178,"column":34},"end":{"line":178,"column":52}},{"start":{"line":178,"column":56},"end":{"line":178,"column":79}}],"line":178},"27":{"loc":{"start":{"line":183,"column":4},"end":{"line":186,"column":5}},"type":"if","locations":[{"start":{"line":183,"column":4},"end":{"line":186,"column":5}},{"start":{},"end":{}}],"line":183},"28":{"loc":{"start":{"line":183,"column":7},"end":{"line":183,"column":88}},"type":"binary-expr","locations":[{"start":{"line":183,"column":7},"end":{"line":183,"column":33}},{"start":{"line":183,"column":37},"end":{"line":183,"column":58}},{"start":{"line":183,"column":62},"end":{"line":183,"column":88}}],"line":183},"29":{"loc":{"start":{"line":194,"column":8},"end":{"line":252,"column":9}},"type":"if","locations":[{"start":{"line":194,"column":8},"end":{"line":252,"column":9}},{"start":{"line":250,"column":12},"end":{"line":252,"column":9}}],"line":194},"30":{"loc":{"start":{"line":196,"column":16},"end":{"line":247,"column":17}},"type":"if","locations":[{"start":{"line":196,"column":16},"end":{"line":247,"column":17}},{"start":{"line":245,"column":20},"end":{"line":247,"column":17}}],"line":196},"31":{"loc":{"start":{"line":234,"column":24},"end":{"line":241,"column":25}},"type":"if","locations":[{"start":{"line":234,"column":24},"end":{"line":241,"column":25}},{"start":{"line":238,"column":28},"end":{"line":241,"column":25}}],"line":234},"32":{"loc":{"start":{"line":263,"column":4},"end":{"line":266,"column":5}},"type":"if","locations":[{"start":{"line":263,"column":4},"end":{"line":266,"column":5}},{"start":{},"end":{}}],"line":263},"33":{"loc":{"start":{"line":263,"column":7},"end":{"line":263,"column":79}},"type":"binary-expr","locations":[{"start":{"line":263,"column":7},"end":{"line":263,"column":30}},{"start":{"line":263,"column":34},"end":{"line":263,"column":52}},{"start":{"line":263,"column":56},"end":{"line":263,"column":79}}],"line":263},"34":{"loc":{"start":{"line":268,"column":4},"end":{"line":271,"column":5}},"type":"if","locations":[{"start":{"line":268,"column":4},"end":{"line":271,"column":5}},{"start":{},"end":{}}],"line":268},"35":{"loc":{"start":{"line":268,"column":7},"end":{"line":268,"column":88}},"type":"binary-expr","locations":[{"start":{"line":268,"column":7},"end":{"line":268,"column":33}},{"start":{"line":268,"column":37},"end":{"line":268,"column":58}},{"start":{"line":268,"column":62},"end":{"line":268,"column":88}}],"line":268},"36":{"loc":{"start":{"line":277,"column":8},"end":{"line":293,"column":9}},"type":"if","locations":[{"start":{"line":277,"column":8},"end":{"line":293,"column":9}},{"start":{"line":280,"column":12},"end":{"line":293,"column":9}}],"line":277},"37":{"loc":{"start":{"line":281,"column":12},"end":{"line":291,"column":13}},"type":"if","locations":[{"start":{"line":281,"column":12},"end":{"line":291,"column":13}},{"start":{"line":284,"column":16},"end":{"line":291,"column":13}}],"line":281},"38":{"loc":{"start":{"line":302,"column":3},"end":{"line":305,"column":5}},"type":"if","locations":[{"start":{"line":302,"column":3},"end":{"line":305,"column":5}},{"start":{},"end":{}}],"line":302},"39":{"loc":{"start":{"line":302,"column":6},"end":{"line":302,"column":78}},"type":"binary-expr","locations":[{"start":{"line":302,"column":6},"end":{"line":302,"column":29}},{"start":{"line":302,"column":33},"end":{"line":302,"column":51}},{"start":{"line":302,"column":55},"end":{"line":302,"column":78}}],"line":302},"40":{"loc":{"start":{"line":306,"column":7},"end":{"line":309,"column":5}},"type":"if","locations":[{"start":{"line":306,"column":7},"end":{"line":309,"column":5}},{"start":{},"end":{}}],"line":306},"41":{"loc":{"start":{"line":306,"column":10},"end":{"line":306,"column":85}},"type":"binary-expr","locations":[{"start":{"line":306,"column":10},"end":{"line":306,"column":34}},{"start":{"line":306,"column":38},"end":{"line":306,"column":57}},{"start":{"line":306,"column":61},"end":{"line":306,"column":85}}],"line":306},"42":{"loc":{"start":{"line":312,"column":8},"end":{"line":317,"column":9}},"type":"if","locations":[{"start":{"line":312,"column":8},"end":{"line":317,"column":9}},{"start":{"line":315,"column":12},"end":{"line":317,"column":9}}],"line":312},"43":{"loc":{"start":{"line":327,"column":4},"end":{"line":330,"column":5}},"type":"if","locations":[{"start":{"line":327,"column":4},"end":{"line":330,"column":5}},{"start":{},"end":{}}],"line":327},"44":{"loc":{"start":{"line":327,"column":7},"end":{"line":327,"column":79}},"type":"binary-expr","locations":[{"start":{"line":327,"column":7},"end":{"line":327,"column":30}},{"start":{"line":327,"column":34},"end":{"line":327,"column":52}},{"start":{"line":327,"column":56},"end":{"line":327,"column":79}}],"line":327},"45":{"loc":{"start":{"line":368,"column":24},"end":{"line":375,"column":25}},"type":"if","locations":[{"start":{"line":368,"column":24},"end":{"line":375,"column":25}},{"start":{"line":372,"column":28},"end":{"line":375,"column":25}}],"line":368},"46":{"loc":{"start":{"line":389,"column":4},"end":{"line":392,"column":5}},"type":"if","locations":[{"start":{"line":389,"column":4},"end":{"line":392,"column":5}},{"start":{},"end":{}}],"line":389},"47":{"loc":{"start":{"line":389,"column":7},"end":{"line":389,"column":79}},"type":"binary-expr","locations":[{"start":{"line":389,"column":7},"end":{"line":389,"column":30}},{"start":{"line":389,"column":34},"end":{"line":389,"column":52}},{"start":{"line":389,"column":56},"end":{"line":389,"column":79}}],"line":389},"48":{"loc":{"start":{"line":394,"column":4},"end":{"line":397,"column":5}},"type":"if","locations":[{"start":{"line":394,"column":4},"end":{"line":397,"column":5}},{"start":{},"end":{}}],"line":394},"49":{"loc":{"start":{"line":394,"column":7},"end":{"line":394,"column":91}},"type":"binary-expr","locations":[{"start":{"line":394,"column":7},"end":{"line":394,"column":34}},{"start":{"line":394,"column":38},"end":{"line":394,"column":60}},{"start":{"line":394,"column":64},"end":{"line":394,"column":91}}],"line":394},"50":{"loc":{"start":{"line":399,"column":4},"end":{"line":402,"column":5}},"type":"if","locations":[{"start":{"line":399,"column":4},"end":{"line":402,"column":5}},{"start":{},"end":{}}],"line":399},"51":{"loc":{"start":{"line":399,"column":7},"end":{"line":399,"column":88}},"type":"binary-expr","locations":[{"start":{"line":399,"column":7},"end":{"line":399,"column":33}},{"start":{"line":399,"column":37},"end":{"line":399,"column":58}},{"start":{"line":399,"column":62},"end":{"line":399,"column":88}}],"line":399},"52":{"loc":{"start":{"line":407,"column":8},"end":{"line":414,"column":9}},"type":"if","locations":[{"start":{"line":407,"column":8},"end":{"line":414,"column":9}},{"start":{"line":411,"column":13},"end":{"line":414,"column":9}}],"line":407},"53":{"loc":{"start":{"line":424,"column":4},"end":{"line":427,"column":5}},"type":"if","locations":[{"start":{"line":424,"column":4},"end":{"line":427,"column":5}},{"start":{},"end":{}}],"line":424},"54":{"loc":{"start":{"line":424,"column":7},"end":{"line":424,"column":81}},"type":"binary-expr","locations":[{"start":{"line":424,"column":7},"end":{"line":424,"column":33}},{"start":{"line":424,"column":37},"end":{"line":424,"column":58}},{"start":{"line":424,"column":62},"end":{"line":424,"column":81}}],"line":424},"55":{"loc":{"start":{"line":429,"column":4},"end":{"line":432,"column":5}},"type":"if","locations":[{"start":{"line":429,"column":4},"end":{"line":432,"column":5}},{"start":{},"end":{}}],"line":429},"56":{"loc":{"start":{"line":429,"column":7},"end":{"line":429,"column":66}},"type":"binary-expr","locations":[{"start":{"line":429,"column":7},"end":{"line":429,"column":28}},{"start":{"line":429,"column":32},"end":{"line":429,"column":48}},{"start":{"line":429,"column":52},"end":{"line":429,"column":66}}],"line":429}},"s":{"0":1,"1":1,"2":1,"3":10,"4":10,"5":1,"6":1,"7":9,"8":1,"9":1,"10":8,"11":1,"12":1,"13":7,"14":1,"15":1,"16":6,"17":6,"18":6,"19":5,"20":5,"21":5,"22":0,"23":1,"24":1,"25":1,"26":1,"27":1,"28":0,"29":0,"30":0,"31":0,"32":0,"33":0,"34":1,"35":0,"36":0,"37":0,"38":0,"39":0,"40":0,"41":0,"42":0,"43":0,"44":0,"45":0,"46":0,"47":0,"48":0,"49":0,"50":0,"51":0,"52":0,"53":0,"54":0,"55":0,"56":0,"57":1,"58":4,"59":4,"60":2,"61":2,"62":2,"63":2,"64":1,"65":1,"66":1,"67":1,"68":1,"69":1,"70":1,"71":5,"72":5,"73":1,"74":1,"75":4,"76":1,"77":1,"78":3,"79":1,"80":1,"81":2,"82":2,"83":2,"84":2,"85":2,"86":2,"87":2,"88":2,"89":2,"90":2,"91":2,"92":0,"93":0,"94":2,"95":2,"96":0,"97":0,"98":1,"99":3,"100":3,"101":1,"102":1,"103":2,"104":1,"105":1,"106":1,"107":1,"108":1,"109":1,"110":0,"111":1,"112":0,"113":1,"114":1,"115":1,"116":1,"117":1,"118":1,"119":4,"120":4,"121":1,"122":1,"123":3,"124":1,"125":1,"126":2,"127":2,"128":1,"129":1,"130":1,"131":0,"132":0,"133":0,"134":0,"135":0,"136":0,"137":0,"138":0,"139":0,"140":0,"141":0,"142":0,"143":0,"144":0,"145":1,"146":0,"147":0,"148":0,"149":0,"150":0,"151":0,"152":0,"153":0,"154":0,"155":0,"156":0,"157":0,"158":0,"159":0,"160":0,"161":0,"162":0,"163":1,"164":3,"165":3,"166":1,"167":1,"168":2,"169":1,"170":1,"171":1,"172":1,"173":1,"174":1},"f":{"0":10,"1":6,"2":5,"3":1,"4":1,"5":0,"6":0,"7":0,"8":0,"9":0,"10":4,"11":2,"12":1,"13":5,"14":2,"15":2,"16":2,"17":3,"18":1,"19":4,"20":2,"21":0,"22":0,"23":0,"24":0,"25":0,"26":3,"27":1},"b":{"0":[1,9],"1":[10,10,10],"2":[1,8],"3":[9,9,9],"4":[1,7],"5":[8,8,8],"6":[1,6],"7":[7,6,6],"8":[5,1],"9":[5,0],"10":[0,0],"11":[0,0],"12":[0,0],"13":[0,0,0],"14":[0,0],"15":[0,0,0],"16":[0,0],"17":[0,0,0],"18":[0,0],"19":[0,0],"20":[2,2],"21":[1,1],"22":[1,0],"23":[1,4],"24":[5,5,5],"25":[1,3],"26":[4,4,4],"27":[1,2],"28":[3,3,3],"29":[2,0],"30":[2,0],"31":[0,2],"32":[1,2],"33":[3,3,3],"34":[1,1],"35":[2,2,2],"36":[0,1],"37":[0,1],"38":[1,3],"39":[4,4,4],"40":[1,2],"41":[3,3,3],"42":[1,1],"43":[0,0],"44":[0,0,0],"45":[0,0],"46":[0,0],"47":[0,0,0],"48":[0,0],"49":[0,0,0],"50":[0,0],"51":[0,0,0],"52":[0,0],"53":[1,2],"54":[3,3,3],"55":[1,1],"56":[2,2,2]},"_coverageSchema":"1a1c01bbd47fc00a2c39e90264f33305004495a9","hash":"2a609486b2ada7703dd73565625e47ae1f3c90a1"}
,"C:\\Users\\darkx\\Desktop\\GIT TEST\\sal-sistema-de-administracion-logistica-\\back\\apis\\models\\usuariosmodel.js": {"path":"C:\\Users\\darkx\\Desktop\\GIT TEST\\sal-sistema-de-administracion-logistica-\\back\\apis\\models\\usuariosmodel.js","statementMap":{"0":{"start":{"line":1,"column":17},"end":{"line":1,"column":36}},"1":{"start":{"line":2,"column":13},"end":{"line":2,"column":28}},"2":{"start":{"line":3,"column":20},"end":{"line":3,"column":22}},"3":{"start":{"line":5,"column":21},"end":{"line":16,"column":2}},"4":{"start":{"line":18,"column":16},"end":{"line":18,"column":57}},"5":{"start":{"line":20,"column":0},"end":{"line":38,"column":1}},"6":{"start":{"line":21,"column":22},"end":{"line":21,"column":33}},"7":{"start":{"line":23,"column":4},"end":{"line":23,"column":34}},"8":{"start":{"line":24,"column":4},"end":{"line":24,"column":32}},"9":{"start":{"line":25,"column":4},"end":{"line":25,"column":38}},"10":{"start":{"line":26,"column":4},"end":{"line":26,"column":33}},"11":{"start":{"line":27,"column":4},"end":{"line":27,"column":37}},"12":{"start":{"line":28,"column":4},"end":{"line":28,"column":29}},"13":{"start":{"line":29,"column":4},"end":{"line":29,"column":36}},"14":{"start":{"line":31,"column":4},"end":{"line":37,"column":6}},"15":{"start":{"line":33,"column":8},"end":{"line":33,"column":37}},"16":{"start":{"line":35,"column":8},"end":{"line":35,"column":26}},"17":{"start":{"line":36,"column":8},"end":{"line":36,"column":38}},"18":{"start":{"line":40,"column":0},"end":{"line":48,"column":1}},"19":{"start":{"line":41,"column":4},"end":{"line":47,"column":10}},"20":{"start":{"line":46,"column":12},"end":{"line":46,"column":38}},"21":{"start":{"line":50,"column":0},"end":{"line":56,"column":1}},"22":{"start":{"line":52,"column":4},"end":{"line":54,"column":6}},"23":{"start":{"line":53,"column":8},"end":{"line":53,"column":34}},"24":{"start":{"line":58,"column":0},"end":{"line":62,"column":1}},"25":{"start":{"line":59,"column":4},"end":{"line":61,"column":6}},"26":{"start":{"line":60,"column":8},"end":{"line":60,"column":34}},"27":{"start":{"line":63,"column":0},"end":{"line":69,"column":1}},"28":{"start":{"line":65,"column":4},"end":{"line":67,"column":6}},"29":{"start":{"line":66,"column":8},"end":{"line":66,"column":34}},"30":{"start":{"line":75,"column":0},"end":{"line":94,"column":1}},"31":{"start":{"line":76,"column":22},"end":{"line":76,"column":33}},"32":{"start":{"line":77,"column":4},"end":{"line":77,"column":28}},"33":{"start":{"line":78,"column":4},"end":{"line":78,"column":34}},"34":{"start":{"line":79,"column":4},"end":{"line":79,"column":32}},"35":{"start":{"line":80,"column":4},"end":{"line":80,"column":36}},"36":{"start":{"line":81,"column":4},"end":{"line":81,"column":38}},"37":{"start":{"line":82,"column":4},"end":{"line":82,"column":29}},"38":{"start":{"line":83,"column":4},"end":{"line":83,"column":31}},"39":{"start":{"line":87,"column":4},"end":{"line":93,"column":6}},"40":{"start":{"line":88,"column":8},"end":{"line":88,"column":30}},"41":{"start":{"line":89,"column":8},"end":{"line":89,"column":37}},"42":{"start":{"line":91,"column":8},"end":{"line":91,"column":26}},"43":{"start":{"line":92,"column":8},"end":{"line":92,"column":38}},"44":{"start":{"line":97,"column":0},"end":{"line":101,"column":1}},"45":{"start":{"line":98,"column":4},"end":{"line":100,"column":6}},"46":{"start":{"line":99,"column":8},"end":{"line":99,"column":42}},"47":{"start":{"line":103,"column":0},"end":{"line":107,"column":1}},"48":{"start":{"line":104,"column":4},"end":{"line":106,"column":6}},"49":{"start":{"line":105,"column":8},"end":{"line":105,"column":42}},"50":{"start":{"line":109,"column":0},"end":{"line":124,"column":1}},"51":{"start":{"line":111,"column":4},"end":{"line":123,"column":10}},"52":{"start":{"line":119,"column":12},"end":{"line":119,"column":41}},"53":{"start":{"line":121,"column":12},"end":{"line":121,"column":30}},"54":{"start":{"line":122,"column":12},"end":{"line":122,"column":42}},"55":{"start":{"line":126,"column":0},"end":{"line":136,"column":1}},"56":{"start":{"line":127,"column":4},"end":{"line":135,"column":10}},"57":{"start":{"line":131,"column":12},"end":{"line":131,"column":41}},"58":{"start":{"line":133,"column":12},"end":{"line":133,"column":30}},"59":{"start":{"line":134,"column":12},"end":{"line":134,"column":42}},"60":{"start":{"line":138,"column":0},"end":{"line":146,"column":1}},"61":{"start":{"line":140,"column":4},"end":{"line":145,"column":10}},"62":{"start":{"line":141,"column":12},"end":{"line":141,"column":41}},"63":{"start":{"line":143,"column":12},"end":{"line":143,"column":30}},"64":{"start":{"line":144,"column":12},"end":{"line":144,"column":42}},"65":{"start":{"line":148,"column":0},"end":{"line":156,"column":1}},"66":{"start":{"line":150,"column":4},"end":{"line":155,"column":6}},"67":{"start":{"line":151,"column":8},"end":{"line":151,"column":37}},"68":{"start":{"line":153,"column":8},"end":{"line":153,"column":26}},"69":{"start":{"line":154,"column":8},"end":{"line":154,"column":38}},"70":{"start":{"line":158,"column":0},"end":{"line":166,"column":1}},"71":{"start":{"line":160,"column":4},"end":{"line":165,"column":6}},"72":{"start":{"line":161,"column":8},"end":{"line":161,"column":36}},"73":{"start":{"line":163,"column":8},"end":{"line":163,"column":26}},"74":{"start":{"line":164,"column":8},"end":{"line":164,"column":38}},"75":{"start":{"line":168,"column":0},"end":{"line":168,"column":31}},"76":{"start":{"line":169,"column":0},"end":{"line":169,"column":44}}},"fnMap":{"0":{"name":"(anonymous_0)","decl":{"start":{"line":20,"column":26},"end":{"line":20,"column":27}},"loc":{"start":{"line":20,"column":50},"end":{"line":38,"column":1}},"line":20},"1":{"name":"(anonymous_1)","decl":{"start":{"line":31,"column":26},"end":{"line":31,"column":27}},"loc":{"start":{"line":31,"column":41},"end":{"line":34,"column":5}},"line":31},"2":{"name":"(anonymous_2)","decl":{"start":{"line":34,"column":13},"end":{"line":34,"column":14}},"loc":{"start":{"line":34,"column":24},"end":{"line":37,"column":5}},"line":34},"3":{"name":"(anonymous_3)","decl":{"start":{"line":40,"column":24},"end":{"line":40,"column":25}},"loc":{"start":{"line":40,"column":48},"end":{"line":48,"column":1}},"line":40},"4":{"name":"(anonymous_4)","decl":{"start":{"line":45,"column":16},"end":{"line":45,"column":17}},"loc":{"start":{"line":45,"column":31},"end":{"line":47,"column":9}},"line":45},"5":{"name":"(anonymous_5)","decl":{"start":{"line":50,"column":29},"end":{"line":50,"column":30}},"loc":{"start":{"line":50,"column":53},"end":{"line":56,"column":1}},"line":50},"6":{"name":"(anonymous_6)","decl":{"start":{"line":52,"column":42},"end":{"line":52,"column":43}},"loc":{"start":{"line":52,"column":57},"end":{"line":54,"column":5}},"line":52},"7":{"name":"(anonymous_7)","decl":{"start":{"line":58,"column":22},"end":{"line":58,"column":23}},"loc":{"start":{"line":58,"column":45},"end":{"line":62,"column":1}},"line":58},"8":{"name":"(anonymous_8)","decl":{"start":{"line":59,"column":65},"end":{"line":59,"column":66}},"loc":{"start":{"line":59,"column":80},"end":{"line":61,"column":5}},"line":59},"9":{"name":"(anonymous_9)","decl":{"start":{"line":63,"column":25},"end":{"line":63,"column":26}},"loc":{"start":{"line":63,"column":49},"end":{"line":69,"column":1}},"line":63},"10":{"name":"(anonymous_10)","decl":{"start":{"line":65,"column":38},"end":{"line":65,"column":39}},"loc":{"start":{"line":65,"column":53},"end":{"line":67,"column":5}},"line":65},"11":{"name":"(anonymous_11)","decl":{"start":{"line":75,"column":24},"end":{"line":75,"column":25}},"loc":{"start":{"line":75,"column":48},"end":{"line":94,"column":1}},"line":75},"12":{"name":"(anonymous_12)","decl":{"start":{"line":87,"column":26},"end":{"line":87,"column":27}},"loc":{"start":{"line":87,"column":41},"end":{"line":90,"column":5}},"line":87},"13":{"name":"(anonymous_13)","decl":{"start":{"line":90,"column":13},"end":{"line":90,"column":14}},"loc":{"start":{"line":90,"column":24},"end":{"line":93,"column":5}},"line":90},"14":{"name":"(anonymous_14)","decl":{"start":{"line":97,"column":28},"end":{"line":97,"column":29}},"loc":{"start":{"line":97,"column":52},"end":{"line":101,"column":1}},"line":97},"15":{"name":"(anonymous_15)","decl":{"start":{"line":98,"column":46},"end":{"line":98,"column":47}},"loc":{"start":{"line":98,"column":61},"end":{"line":100,"column":5}},"line":98},"16":{"name":"(anonymous_16)","decl":{"start":{"line":103,"column":25},"end":{"line":103,"column":26}},"loc":{"start":{"line":103,"column":49},"end":{"line":107,"column":1}},"line":103},"17":{"name":"(anonymous_17)","decl":{"start":{"line":104,"column":57},"end":{"line":104,"column":58}},"loc":{"start":{"line":104,"column":72},"end":{"line":106,"column":5}},"line":104},"18":{"name":"(anonymous_18)","decl":{"start":{"line":109,"column":27},"end":{"line":109,"column":28}},"loc":{"start":{"line":109,"column":51},"end":{"line":124,"column":1}},"line":109},"19":{"name":"(anonymous_19)","decl":{"start":{"line":118,"column":16},"end":{"line":118,"column":17}},"loc":{"start":{"line":118,"column":31},"end":{"line":120,"column":9}},"line":118},"20":{"name":"(anonymous_20)","decl":{"start":{"line":120,"column":17},"end":{"line":120,"column":18}},"loc":{"start":{"line":120,"column":28},"end":{"line":123,"column":9}},"line":120},"21":{"name":"(anonymous_21)","decl":{"start":{"line":126,"column":31},"end":{"line":126,"column":32}},"loc":{"start":{"line":126,"column":55},"end":{"line":136,"column":1}},"line":126},"22":{"name":"(anonymous_22)","decl":{"start":{"line":130,"column":16},"end":{"line":130,"column":17}},"loc":{"start":{"line":130,"column":31},"end":{"line":132,"column":9}},"line":130},"23":{"name":"(anonymous_23)","decl":{"start":{"line":132,"column":17},"end":{"line":132,"column":18}},"loc":{"start":{"line":132,"column":28},"end":{"line":135,"column":9}},"line":132},"24":{"name":"(anonymous_24)","decl":{"start":{"line":138,"column":25},"end":{"line":138,"column":26}},"loc":{"start":{"line":138,"column":49},"end":{"line":146,"column":1}},"line":138},"25":{"name":"(anonymous_25)","decl":{"start":{"line":140,"column":50},"end":{"line":140,"column":51}},"loc":{"start":{"line":140,"column":65},"end":{"line":142,"column":9}},"line":140},"26":{"name":"(anonymous_26)","decl":{"start":{"line":142,"column":17},"end":{"line":142,"column":18}},"loc":{"start":{"line":142,"column":28},"end":{"line":145,"column":9}},"line":142},"27":{"name":"(anonymous_27)","decl":{"start":{"line":148,"column":39},"end":{"line":148,"column":40}},"loc":{"start":{"line":148,"column":63},"end":{"line":156,"column":1}},"line":148},"28":{"name":"(anonymous_28)","decl":{"start":{"line":150,"column":80},"end":{"line":150,"column":81}},"loc":{"start":{"line":150,"column":95},"end":{"line":152,"column":5}},"line":150},"29":{"name":"(anonymous_29)","decl":{"start":{"line":152,"column":13},"end":{"line":152,"column":14}},"loc":{"start":{"line":152,"column":24},"end":{"line":155,"column":5}},"line":152},"30":{"name":"(anonymous_30)","decl":{"start":{"line":158,"column":30},"end":{"line":158,"column":31}},"loc":{"start":{"line":158,"column":54},"end":{"line":166,"column":1}},"line":158},"31":{"name":"(anonymous_31)","decl":{"start":{"line":160,"column":106},"end":{"line":160,"column":107}},"loc":{"start":{"line":160,"column":121},"end":{"line":162,"column":5}},"line":160},"32":{"name":"(anonymous_32)","decl":{"start":{"line":162,"column":13},"end":{"line":162,"column":14}},"loc":{"start":{"line":162,"column":24},"end":{"line":165,"column":5}},"line":162}},"branchMap":{},"s":{"0":1,"1":1,"2":1,"3":1,"4":1,"5":1,"6":2,"7":2,"8":2,"9":2,"10":2,"11":2,"12":2,"13":2,"14":2,"15":2,"16":0,"17":0,"18":1,"19":2,"20":2,"21":1,"22":8,"23":8,"24":1,"25":1,"26":1,"27":1,"28":2,"29":2,"30":1,"31":5,"32":5,"33":5,"34":5,"35":5,"36":5,"37":5,"38":5,"39":5,"40":5,"41":5,"42":0,"43":0,"44":1,"45":1,"46":1,"47":1,"48":0,"49":0,"50":1,"51":0,"52":0,"53":0,"54":0,"55":1,"56":1,"57":1,"58":0,"59":0,"60":1,"61":1,"62":1,"63":0,"64":0,"65":1,"66":0,"67":0,"68":0,"69":0,"70":1,"71":0,"72":0,"73":0,"74":0,"75":1,"76":1},"f":{"0":2,"1":2,"2":0,"3":2,"4":2,"5":8,"6":8,"7":1,"8":1,"9":2,"10":2,"11":5,"12":5,"13":0,"14":1,"15":1,"16":0,"17":0,"18":0,"19":0,"20":0,"21":1,"22":1,"23":0,"24":1,"25":1,"26":0,"27":0,"28":0,"29":0,"30":0,"31":0,"32":0},"b":{},"_coverageSchema":"1a1c01bbd47fc00a2c39e90264f33305004495a9","hash":"a2dc1e68c4da27a6832a2fdf48a18a5cc7900a73"}
}
