TN:
SF:config.js
FNF:0
FNH:0
DA:1,2
DA:5,2
DA:6,2
DA:8,2
DA:9,2
DA:10,2
DA:11,2
DA:12,2
DA:15,2
DA:16,2
DA:17,2
DA:18,2
DA:21,2
DA:28,2
LF:14
LH:14
BRF:0
BRH:0
end_of_record
TN:
SF:apis\controllers\inventarioController.js
FN:4,(anonymous_0)
FN:30,(anonymous_1)
FN:32,(anonymous_2)
FN:47,(anonymous_3)
FN:48,(anonymous_4)
FN:53,(anonymous_5)
FN:63,(anonymous_6)
FN:68,(anonymous_7)
FN:91,(anonymous_8)
FN:96,(anonymous_9)
FN:112,(anonymous_10)
FN:125,(anonymous_11)
FN:130,(anonymous_12)
FNF:13
FNH:13
FNDA:10,(anonymous_0)
FNDA:6,(anonymous_1)
FNDA:5,(anonymous_2)
FNDA:1,(anonymous_3)
FNDA:1,(anonymous_4)
FNDA:2,(anonymous_5)
FNDA:1,(anonymous_6)
FNDA:4,(anonymous_7)
FNDA:1,(anonymous_8)
FNDA:1,(anonymous_9)
FNDA:4,(anonymous_10)
FNDA:2,(anonymous_11)
FNDA:1,(anonymous_12)
DA:1,1
DA:2,1
DA:4,1
DA:5,10
DA:13,10
DA:14,1
DA:15,1
DA:17,9
DA:18,1
DA:19,1
DA:21,8
DA:22,1
DA:23,1
DA:25,7
DA:26,1
DA:27,1
DA:30,6
DA:31,6
DA:32,5
DA:33,5
DA:34,5
DA:36,0
DA:40,1
DA:47,1
DA:48,1
DA:49,1
DA:53,1
DA:54,2
DA:58,2
DA:59,1
DA:60,1
DA:63,1
DA:64,1
DA:68,1
DA:69,4
DA:77,4
DA:78,1
DA:79,1
DA:82,3
DA:83,1
DA:84,1
DA:86,2
DA:87,1
DA:88,1
DA:91,1
DA:92,1
DA:93,0
DA:96,1
DA:97,1
DA:98,1
DA:100,0
DA:112,1
DA:113,4
DA:119,4
DA:120,2
DA:121,2
DA:125,2
DA:126,2
DA:127,1
DA:130,1
DA:131,1
DA:132,1
DA:134,0
DA:146,1
LF:64
LH:60
BRDA:13,0,0,1
BRDA:13,0,1,9
BRDA:13,1,0,10
BRDA:13,1,1,10
BRDA:13,1,2,10
BRDA:17,2,0,1
BRDA:17,2,1,8
BRDA:17,3,0,9
BRDA:17,3,1,9
BRDA:17,3,2,9
BRDA:21,4,0,1
BRDA:21,4,1,7
BRDA:21,5,0,8
BRDA:21,5,1,8
BRDA:21,5,2,8
BRDA:25,6,0,1
BRDA:25,6,1,6
BRDA:25,7,0,7
BRDA:25,7,1,7
BRDA:25,7,2,7
BRDA:31,8,0,5
BRDA:31,8,1,1
BRDA:33,9,0,5
BRDA:33,9,1,0
BRDA:58,10,0,1
BRDA:58,10,1,1
BRDA:58,11,0,2
BRDA:58,11,1,1
BRDA:58,11,2,1
BRDA:77,12,0,1
BRDA:77,12,1,3
BRDA:77,13,0,4
BRDA:77,13,1,4
BRDA:77,13,2,4
BRDA:82,14,0,1
BRDA:82,14,1,2
BRDA:82,15,0,3
BRDA:82,15,1,3
BRDA:82,15,2,3
BRDA:86,16,0,1
BRDA:86,16,1,1
BRDA:86,17,0,2
BRDA:86,17,1,2
BRDA:86,17,2,2
BRDA:92,18,0,0
BRDA:92,18,1,1
BRDA:97,19,0,1
BRDA:97,19,1,0
BRDA:119,20,0,2
BRDA:119,20,1,2
BRDA:119,21,0,4
BRDA:119,21,1,3
BRDA:119,21,2,3
BRDA:126,22,0,1
BRDA:126,22,1,1
BRDA:131,23,0,1
BRDA:131,23,1,0
BRF:57
BRH:53
end_of_record
TN:
SF:apis\controllers\usuariosController.js
FN:5,(anonymous_0)
FN:42,(anonymous_1)
FN:46,(anonymous_2)
FN:62,(anonymous_3)
FN:63,(anonymous_4)
FN:69,(anonymous_5)
FN:79,(anonymous_6)
FN:85,(anonymous_7)
FN:114,(anonymous_8)
FN:121,(anonymous_9)
FN:132,(anonymous_10)
FN:143,(anonymous_11)
FN:151,(anonymous_12)
FN:162,(anonymous_13)
FN:190,(anonymous_14)
FN:192,(anonymous_15)
FN:230,(anonymous_16)
FN:253,(anonymous_17)
FN:272,(anonymous_18)
FN:294,(anonymous_19)
FN:308,(anonymous_20)
FN:319,(anonymous_21)
FN:331,(anonymous_22)
FN:364,(anonymous_23)
FN:379,(anonymous_24)
FN:403,(anonymous_25)
FN:415,(anonymous_26)
FN:433,(anonymous_27)
FNF:28
FNH:18
FNDA:9,(anonymous_0)
FNDA:5,(anonymous_1)
FNDA:4,(anonymous_2)
FNDA:1,(anonymous_3)
FNDA:1,(anonymous_4)
FNDA:0,(anonymous_5)
FNDA:0,(anonymous_6)
FNDA:0,(anonymous_7)
FNDA:0,(anonymous_8)
FNDA:0,(anonymous_9)
FNDA:4,(anonymous_10)
FNDA:2,(anonymous_11)
FNDA:1,(anonymous_12)
FNDA:5,(anonymous_13)
FNDA:2,(anonymous_14)
FNDA:2,(anonymous_15)
FNDA:2,(anonymous_16)
FNDA:3,(anonymous_17)
FNDA:1,(anonymous_18)
FNDA:4,(anonymous_19)
FNDA:2,(anonymous_20)
FNDA:0,(anonymous_21)
FNDA:0,(anonymous_22)
FNDA:0,(anonymous_23)
FNDA:0,(anonymous_24)
FNDA:0,(anonymous_25)
FNDA:3,(anonymous_26)
FNDA:1,(anonymous_27)
DA:1,1
DA:2,1
DA:5,1
DA:6,9
DA:14,9
DA:15,1
DA:16,1
DA:19,8
DA:20,1
DA:21,1
DA:24,7
DA:25,1
DA:26,1
DA:30,6
DA:31,1
DA:32,1
DA:40,5
DA:42,5
DA:44,5
DA:46,4
DA:47,4
DA:48,4
DA:51,0
DA:56,1
DA:62,1
DA:63,1
DA:64,1
DA:69,1
DA:70,0
DA:74,0
DA:75,0
DA:76,0
DA:79,0
DA:80,0
DA:85,1
DA:86,0
DA:94,0
DA:95,0
DA:96,0
DA:99,0
DA:100,0
DA:101,0
DA:104,0
DA:105,0
DA:106,0
DA:109,0
DA:110,0
DA:111,0
DA:114,0
DA:115,0
DA:116,0
DA:117,0
DA:121,0
DA:122,0
DA:123,0
DA:124,0
DA:132,1
DA:133,4
DA:138,4
DA:139,2
DA:140,2
DA:143,2
DA:145,2
DA:146,1
DA:147,1
DA:151,1
DA:152,1
DA:153,1
DA:154,1
DA:162,1
DA:164,5
DA:170,5
DA:171,1
DA:172,1
DA:175,4
DA:176,1
DA:177,1
DA:180,3
DA:181,1
DA:182,1
DA:185,2
DA:187,2
DA:188,2
DA:190,2
DA:191,2
DA:192,2
DA:193,2
DA:195,2
DA:206,2
DA:230,2
DA:231,2
DA:233,0
DA:237,2
DA:243,0
DA:248,0
DA:253,1
DA:255,3
DA:260,3
DA:261,1
DA:262,1
DA:265,2
DA:266,1
DA:267,1
DA:270,1
DA:272,1
DA:274,1
DA:275,0
DA:278,1
DA:279,0
DA:282,1
DA:283,1
DA:284,1
DA:285,1
DA:287,1
DA:294,1
DA:295,4
DA:299,4
DA:300,1
DA:301,1
DA:303,3
DA:304,1
DA:305,1
DA:308,2
DA:309,2
DA:310,1
DA:313,1
DA:319,1
DA:320,0
DA:324,0
DA:325,0
DA:326,0
DA:329,0
DA:331,0
DA:333,0
DA:344,0
DA:364,0
DA:365,0
DA:367,0
DA:371,0
DA:379,1
DA:380,0
DA:386,0
DA:387,0
DA:388,0
DA:391,0
DA:392,0
DA:393,0
DA:396,0
DA:397,0
DA:398,0
DA:401,0
DA:403,0
DA:404,0
DA:405,0
DA:406,0
DA:409,0
DA:410,0
DA:415,1
DA:416,3
DA:421,3
DA:422,1
DA:423,1
DA:426,2
DA:427,1
DA:428,1
DA:431,1
DA:433,1
DA:435,1
DA:439,1
LF:169
LH:107
BRDA:14,0,0,1
BRDA:14,0,1,8
BRDA:14,1,0,9
BRDA:14,1,1,9
BRDA:14,1,2,9
BRDA:19,2,0,1
BRDA:19,2,1,7
BRDA:19,3,0,8
BRDA:19,3,1,8
BRDA:19,3,2,8
BRDA:24,4,0,1
BRDA:24,4,1,6
BRDA:24,5,0,7
BRDA:24,5,1,7
BRDA:24,5,2,7
BRDA:30,6,0,1
BRDA:30,6,1,5
BRDA:30,7,0,6
BRDA:30,7,1,5
BRDA:30,7,2,5
BRDA:44,8,0,4
BRDA:44,8,1,1
BRDA:47,9,0,4
BRDA:47,9,1,0
BRDA:74,10,0,0
BRDA:74,10,1,0
BRDA:94,11,0,0
BRDA:94,11,1,0
BRDA:99,12,0,0
BRDA:99,12,1,0
BRDA:99,13,0,0
BRDA:99,13,1,0
BRDA:99,13,2,0
BRDA:104,14,0,0
BRDA:104,14,1,0
BRDA:104,15,0,0
BRDA:104,15,1,0
BRDA:104,15,2,0
BRDA:109,16,0,0
BRDA:109,16,1,0
BRDA:109,17,0,0
BRDA:109,17,1,0
BRDA:109,17,2,0
BRDA:115,18,0,0
BRDA:115,18,1,0
BRDA:122,19,0,0
BRDA:122,19,1,0
BRDA:138,20,0,2
BRDA:138,20,1,2
BRDA:145,21,0,1
BRDA:145,21,1,1
BRDA:152,22,0,1
BRDA:152,22,1,0
BRDA:170,23,0,1
BRDA:170,23,1,4
BRDA:170,24,0,5
BRDA:170,24,1,5
BRDA:170,24,2,5
BRDA:175,25,0,1
BRDA:175,25,1,3
BRDA:175,26,0,4
BRDA:175,26,1,4
BRDA:175,26,2,4
BRDA:180,27,0,1
BRDA:180,27,1,2
BRDA:180,28,0,3
BRDA:180,28,1,3
BRDA:180,28,2,3
BRDA:191,29,0,2
BRDA:191,29,1,0
BRDA:193,30,0,2
BRDA:193,30,1,0
BRDA:231,31,0,0
BRDA:231,31,1,2
BRDA:260,32,0,1
BRDA:260,32,1,2
BRDA:260,33,0,3
BRDA:260,33,1,3
BRDA:260,33,2,3
BRDA:265,34,0,1
BRDA:265,34,1,1
BRDA:265,35,0,2
BRDA:265,35,1,2
BRDA:265,35,2,2
BRDA:274,36,0,0
BRDA:274,36,1,1
BRDA:278,37,0,0
BRDA:278,37,1,1
BRDA:299,38,0,1
BRDA:299,38,1,3
BRDA:299,39,0,4
BRDA:299,39,1,4
BRDA:299,39,2,4
BRDA:303,40,0,1
BRDA:303,40,1,2
BRDA:303,41,0,3
BRDA:303,41,1,3
BRDA:303,41,2,3
BRDA:309,42,0,1
BRDA:309,42,1,1
BRDA:324,43,0,0
BRDA:324,43,1,0
BRDA:324,44,0,0
BRDA:324,44,1,0
BRDA:324,44,2,0
BRDA:365,45,0,0
BRDA:365,45,1,0
BRDA:386,46,0,0
BRDA:386,46,1,0
BRDA:386,47,0,0
BRDA:386,47,1,0
BRDA:386,47,2,0
BRDA:391,48,0,0
BRDA:391,48,1,0
BRDA:391,49,0,0
BRDA:391,49,1,0
BRDA:391,49,2,0
BRDA:396,50,0,0
BRDA:396,50,1,0
BRDA:396,51,0,0
BRDA:396,51,1,0
BRDA:396,51,2,0
BRDA:404,52,0,0
BRDA:404,52,1,0
BRDA:421,53,0,1
BRDA:421,53,1,2
BRDA:421,54,0,3
BRDA:421,54,1,3
BRDA:421,54,2,3
BRDA:426,55,0,1
BRDA:426,55,1,1
BRDA:426,56,0,2
BRDA:426,56,1,2
BRDA:426,56,2,2
BRF:134
BRH:80
end_of_record
TN:
SF:apis\models\inventariomodel.js
FN:16,(anonymous_0)
FN:17,(anonymous_1)
FN:19,(anonymous_2)
FN:24,(anonymous_3)
FN:25,(anonymous_4)
FN:27,(anonymous_5)
FN:32,(anonymous_6)
FN:40,(anonymous_7)
FN:42,(anonymous_8)
FN:47,(anonymous_9)
FN:48,(anonymous_10)
FN:52,(anonymous_11)
FN:53,(anonymous_12)
FN:57,(anonymous_13)
FN:67,(anonymous_14)
FN:74,(anonymous_15)
FN:79,(anonymous_16)
FN:81,(anonymous_17)
FN:88,(anonymous_18)
FNF:19
FNH:14
FNDA:6,(anonymous_0)
FNDA:6,(anonymous_1)
FNDA:0,(anonymous_2)
FNDA:3,(anonymous_3)
FNDA:3,(anonymous_4)
FNDA:0,(anonymous_5)
FNDA:5,(anonymous_6)
FNDA:5,(anonymous_7)
FNDA:0,(anonymous_8)
FNDA:1,(anonymous_9)
FNDA:1,(anonymous_10)
FNDA:1,(anonymous_11)
FNDA:1,(anonymous_12)
FNDA:1,(anonymous_13)
FNDA:1,(anonymous_14)
FNDA:0,(anonymous_15)
FNDA:1,(anonymous_16)
FNDA:1,(anonymous_17)
FNDA:0,(anonymous_18)
DA:1,1
DA:2,1
DA:3,1
DA:5,1
DA:13,1
DA:16,1
DA:17,6
DA:18,6
DA:20,0
DA:24,1
DA:25,3
DA:26,3
DA:28,0
DA:32,1
DA:33,5
DA:34,5
DA:35,5
DA:36,5
DA:37,5
DA:38,5
DA:40,5
DA:41,5
DA:43,0
DA:44,0
DA:47,1
DA:48,1
DA:49,1
DA:52,1
DA:53,1
DA:54,1
DA:57,1
DA:58,1
DA:68,1
DA:69,1
DA:71,0
DA:75,0
DA:76,0
DA:79,1
DA:80,1
DA:82,1
DA:83,1
DA:85,0
DA:89,0
DA:90,0
DA:97,1
DA:98,1
LF:46
LH:36
BRDA:68,0,0,1
BRDA:68,0,1,0
BRDA:82,1,0,1
BRDA:82,1,1,0
BRF:4
BRH:2
end_of_record
TN:
SF:apis\models\usuariosmodel.js
FN:20,(anonymous_0)
FN:31,(anonymous_1)
FN:34,(anonymous_2)
FN:40,(anonymous_3)
FN:45,(anonymous_4)
FN:50,(anonymous_5)
FN:52,(anonymous_6)
FN:58,(anonymous_7)
FN:59,(anonymous_8)
FN:63,(anonymous_9)
FN:65,(anonymous_10)
FN:75,(anonymous_11)
FN:87,(anonymous_12)
FN:90,(anonymous_13)
FN:97,(anonymous_14)
FN:98,(anonymous_15)
FN:103,(anonymous_16)
FN:104,(anonymous_17)
FN:109,(anonymous_18)
FN:118,(anonymous_19)
FN:120,(anonymous_20)
FN:126,(anonymous_21)
FN:130,(anonymous_22)
FN:132,(anonymous_23)
FN:138,(anonymous_24)
FN:140,(anonymous_25)
FN:142,(anonymous_26)
FN:148,(anonymous_27)
FN:150,(anonymous_28)
FN:152,(anonymous_29)
FN:158,(anonymous_30)
FN:160,(anonymous_31)
FN:162,(anonymous_32)
FNF:33
FNH:18
FNDA:2,(anonymous_0)
FNDA:2,(anonymous_1)
FNDA:0,(anonymous_2)
FNDA:2,(anonymous_3)
FNDA:2,(anonymous_4)
FNDA:7,(anonymous_5)
FNDA:7,(anonymous_6)
FNDA:1,(anonymous_7)
FNDA:1,(anonymous_8)
FNDA:2,(anonymous_9)
FNDA:2,(anonymous_10)
FNDA:4,(anonymous_11)
FNDA:4,(anonymous_12)
FNDA:0,(anonymous_13)
FNDA:1,(anonymous_14)
FNDA:1,(anonymous_15)
FNDA:0,(anonymous_16)
FNDA:0,(anonymous_17)
FNDA:0,(anonymous_18)
FNDA:0,(anonymous_19)
FNDA:0,(anonymous_20)
FNDA:1,(anonymous_21)
FNDA:1,(anonymous_22)
FNDA:0,(anonymous_23)
FNDA:1,(anonymous_24)
FNDA:1,(anonymous_25)
FNDA:0,(anonymous_26)
FNDA:0,(anonymous_27)
FNDA:0,(anonymous_28)
FNDA:0,(anonymous_29)
FNDA:0,(anonymous_30)
FNDA:0,(anonymous_31)
FNDA:0,(anonymous_32)
DA:1,1
DA:2,1
DA:3,1
DA:5,1
DA:18,1
DA:20,1
DA:21,2
DA:23,2
DA:24,2
DA:25,2
DA:26,2
DA:27,2
DA:28,2
DA:29,2
DA:31,2
DA:33,2
DA:36,0
DA:40,1
DA:41,2
DA:46,2
DA:50,1
DA:52,7
DA:53,7
DA:58,1
DA:59,1
DA:60,1
DA:63,1
DA:65,2
DA:66,2
DA:75,1
DA:76,4
DA:77,4
DA:78,4
DA:79,4
DA:80,4
DA:81,4
DA:82,4
DA:83,4
DA:87,4
DA:89,4
DA:92,0
DA:97,1
DA:98,1
DA:99,1
DA:103,1
DA:104,0
DA:105,0
DA:109,1
DA:111,0
DA:119,0
DA:122,0
DA:126,1
DA:127,1
DA:131,1
DA:134,0
DA:138,1
DA:140,1
DA:141,1
DA:144,0
DA:148,1
DA:150,0
DA:151,0
DA:154,0
DA:158,1
DA:160,0
DA:161,0
DA:164,0
DA:168,1
DA:169,1
LF:69
LH:54
BRF:0
BRH:0
end_of_record
