TN:
SF:config.js
FNF:0
FNH:0
DA:1,1
DA:5,1
DA:6,1
DA:8,1
DA:9,1
DA:10,1
DA:11,1
DA:12,1
DA:15,1
DA:16,1
DA:17,1
DA:18,1
DA:21,1
DA:28,1
LF:14
LH:14
BRF:0
BRH:0
end_of_record
TN:
SF:apis\controllers\usuariosController.js
FN:5,(anonymous_0)
FN:42,(anonymous_1)
FN:46,(anonymous_2)
FN:62,(anonymous_3)
FN:63,(anonymous_4)
FN:69,(anonymous_5)
FN:79,(anonymous_6)
FN:85,(anonymous_7)
FN:115,(anonymous_8)
FN:122,(anonymous_9)
FN:133,(anonymous_10)
FN:144,(anonymous_11)
FN:152,(anonymous_12)
FN:165,(anonymous_13)
FN:193,(anonymous_14)
FN:195,(anonymous_15)
FN:233,(anonymous_16)
FN:256,(anonymous_17)
FN:275,(anonymous_18)
FN:297,(anonymous_19)
FN:311,(anonymous_20)
FN:322,(anonymous_21)
FN:334,(anonymous_22)
FN:367,(anonymous_23)
FN:382,(anonymous_24)
FN:406,(anonymous_25)
FN:418,(anonymous_26)
FN:436,(anonymous_27)
FNF:28
FNH:18
FNDA:10,(anonymous_0)
FNDA:6,(anonymous_1)
FNDA:5,(anonymous_2)
FNDA:1,(anonymous_3)
FNDA:1,(anonymous_4)
FNDA:0,(anonymous_5)
FNDA:0,(anonymous_6)
FNDA:0,(anonymous_7)
FNDA:0,(anonymous_8)
FNDA:0,(anonymous_9)
FNDA:4,(anonymous_10)
FNDA:2,(anonymous_11)
FNDA:1,(anonymous_12)
FNDA:5,(anonymous_13)
FNDA:2,(anonymous_14)
FNDA:2,(anonymous_15)
FNDA:2,(anonymous_16)
FNDA:3,(anonymous_17)
FNDA:1,(anonymous_18)
FNDA:4,(anonymous_19)
FNDA:2,(anonymous_20)
FNDA:0,(anonymous_21)
FNDA:0,(anonymous_22)
FNDA:0,(anonymous_23)
FNDA:0,(anonymous_24)
FNDA:0,(anonymous_25)
FNDA:3,(anonymous_26)
FNDA:1,(anonymous_27)
DA:1,1
DA:2,1
DA:5,1
DA:6,10
DA:14,10
DA:15,1
DA:16,1
DA:19,9
DA:20,1
DA:21,1
DA:24,8
DA:25,1
DA:26,1
DA:30,7
DA:31,1
DA:32,1
DA:40,6
DA:42,6
DA:44,6
DA:46,5
DA:47,5
DA:48,5
DA:51,0
DA:56,1
DA:62,1
DA:63,1
DA:64,1
DA:69,1
DA:70,0
DA:74,0
DA:75,0
DA:76,0
DA:79,0
DA:80,0
DA:85,1
DA:86,0
DA:93,0
DA:95,0
DA:96,0
DA:97,0
DA:100,0
DA:101,0
DA:102,0
DA:105,0
DA:106,0
DA:107,0
DA:110,0
DA:111,0
DA:112,0
DA:115,0
DA:116,0
DA:117,0
DA:118,0
DA:122,0
DA:123,0
DA:124,0
DA:125,0
DA:133,1
DA:134,4
DA:139,4
DA:140,2
DA:141,2
DA:144,2
DA:146,2
DA:147,1
DA:148,1
DA:152,1
DA:153,1
DA:154,1
DA:155,1
DA:165,1
DA:167,5
DA:173,5
DA:174,1
DA:175,1
DA:178,4
DA:179,1
DA:180,1
DA:183,3
DA:184,1
DA:185,1
DA:188,2
DA:190,2
DA:191,2
DA:193,2
DA:194,2
DA:195,2
DA:196,2
DA:198,2
DA:209,2
DA:233,2
DA:234,2
DA:235,0
DA:236,0
DA:239,2
DA:240,2
DA:246,0
DA:251,0
DA:256,1
DA:258,3
DA:263,3
DA:264,1
DA:265,1
DA:268,2
DA:269,1
DA:270,1
DA:273,1
DA:275,1
DA:276,1
DA:277,1
DA:278,0
DA:281,1
DA:282,0
DA:285,1
DA:286,1
DA:287,1
DA:288,1
DA:290,1
DA:297,1
DA:298,4
DA:302,4
DA:303,1
DA:304,1
DA:306,3
DA:307,1
DA:308,1
DA:311,2
DA:312,2
DA:313,1
DA:316,1
DA:322,1
DA:323,0
DA:327,0
DA:328,0
DA:329,0
DA:332,0
DA:334,0
DA:336,0
DA:347,0
DA:367,0
DA:368,0
DA:369,0
DA:370,0
DA:373,0
DA:374,0
DA:382,1
DA:383,0
DA:389,0
DA:390,0
DA:391,0
DA:394,0
DA:395,0
DA:396,0
DA:399,0
DA:400,0
DA:401,0
DA:404,0
DA:406,0
DA:407,0
DA:408,0
DA:409,0
DA:412,0
DA:413,0
DA:418,1
DA:419,3
DA:424,3
DA:425,1
DA:426,1
DA:429,2
DA:430,1
DA:431,1
DA:434,1
DA:436,1
DA:438,1
DA:442,1
LF:175
LH:109
BRDA:14,0,0,1
BRDA:14,0,1,9
BRDA:14,1,0,10
BRDA:14,1,1,10
BRDA:14,1,2,10
BRDA:19,2,0,1
BRDA:19,2,1,8
BRDA:19,3,0,9
BRDA:19,3,1,9
BRDA:19,3,2,9
BRDA:24,4,0,1
BRDA:24,4,1,7
BRDA:24,5,0,8
BRDA:24,5,1,8
BRDA:24,5,2,8
BRDA:30,6,0,1
BRDA:30,6,1,6
BRDA:30,7,0,7
BRDA:30,7,1,6
BRDA:30,7,2,6
BRDA:44,8,0,5
BRDA:44,8,1,1
BRDA:47,9,0,5
BRDA:47,9,1,0
BRDA:74,10,0,0
BRDA:74,10,1,0
BRDA:95,11,0,0
BRDA:95,11,1,0
BRDA:100,12,0,0
BRDA:100,12,1,0
BRDA:100,13,0,0
BRDA:100,13,1,0
BRDA:100,13,2,0
BRDA:105,14,0,0
BRDA:105,14,1,0
BRDA:105,15,0,0
BRDA:105,15,1,0
BRDA:105,15,2,0
BRDA:110,16,0,0
BRDA:110,16,1,0
BRDA:110,17,0,0
BRDA:110,17,1,0
BRDA:110,17,2,0
BRDA:116,18,0,0
BRDA:116,18,1,0
BRDA:123,19,0,0
BRDA:123,19,1,0
BRDA:139,20,0,2
BRDA:139,20,1,2
BRDA:146,21,0,1
BRDA:146,21,1,1
BRDA:153,22,0,1
BRDA:153,22,1,0
BRDA:173,23,0,1
BRDA:173,23,1,4
BRDA:173,24,0,5
BRDA:173,24,1,5
BRDA:173,24,2,5
BRDA:178,25,0,1
BRDA:178,25,1,3
BRDA:178,26,0,4
BRDA:178,26,1,4
BRDA:178,26,2,4
BRDA:183,27,0,1
BRDA:183,27,1,2
BRDA:183,28,0,3
BRDA:183,28,1,3
BRDA:183,28,2,3
BRDA:194,29,0,2
BRDA:194,29,1,0
BRDA:196,30,0,2
BRDA:196,30,1,0
BRDA:234,31,0,0
BRDA:234,31,1,2
BRDA:263,32,0,1
BRDA:263,32,1,2
BRDA:263,33,0,3
BRDA:263,33,1,3
BRDA:263,33,2,3
BRDA:268,34,0,1
BRDA:268,34,1,1
BRDA:268,35,0,2
BRDA:268,35,1,2
BRDA:268,35,2,2
BRDA:277,36,0,0
BRDA:277,36,1,1
BRDA:281,37,0,0
BRDA:281,37,1,1
BRDA:302,38,0,1
BRDA:302,38,1,3
BRDA:302,39,0,4
BRDA:302,39,1,4
BRDA:302,39,2,4
BRDA:306,40,0,1
BRDA:306,40,1,2
BRDA:306,41,0,3
BRDA:306,41,1,3
BRDA:306,41,2,3
BRDA:312,42,0,1
BRDA:312,42,1,1
BRDA:327,43,0,0
BRDA:327,43,1,0
BRDA:327,44,0,0
BRDA:327,44,1,0
BRDA:327,44,2,0
BRDA:368,45,0,0
BRDA:368,45,1,0
BRDA:389,46,0,0
BRDA:389,46,1,0
BRDA:389,47,0,0
BRDA:389,47,1,0
BRDA:389,47,2,0
BRDA:394,48,0,0
BRDA:394,48,1,0
BRDA:394,49,0,0
BRDA:394,49,1,0
BRDA:394,49,2,0
BRDA:399,50,0,0
BRDA:399,50,1,0
BRDA:399,51,0,0
BRDA:399,51,1,0
BRDA:399,51,2,0
BRDA:407,52,0,0
BRDA:407,52,1,0
BRDA:424,53,0,1
BRDA:424,53,1,2
BRDA:424,54,0,3
BRDA:424,54,1,3
BRDA:424,54,2,3
BRDA:429,55,0,1
BRDA:429,55,1,1
BRDA:429,56,0,2
BRDA:429,56,1,2
BRDA:429,56,2,2
BRF:134
BRH:80
end_of_record
TN:
SF:apis\models\usuariosmodel.js
FN:20,(anonymous_0)
FN:31,(anonymous_1)
FN:34,(anonymous_2)
FN:40,(anonymous_3)
FN:45,(anonymous_4)
FN:50,(anonymous_5)
FN:52,(anonymous_6)
FN:58,(anonymous_7)
FN:59,(anonymous_8)
FN:63,(anonymous_9)
FN:65,(anonymous_10)
FN:75,(anonymous_11)
FN:87,(anonymous_12)
FN:90,(anonymous_13)
FN:97,(anonymous_14)
FN:98,(anonymous_15)
FN:103,(anonymous_16)
FN:104,(anonymous_17)
FN:109,(anonymous_18)
FN:118,(anonymous_19)
FN:120,(anonymous_20)
FN:126,(anonymous_21)
FN:130,(anonymous_22)
FN:132,(anonymous_23)
FN:138,(anonymous_24)
FN:140,(anonymous_25)
FN:142,(anonymous_26)
FN:148,(anonymous_27)
FN:150,(anonymous_28)
FN:152,(anonymous_29)
FN:158,(anonymous_30)
FN:160,(anonymous_31)
FN:162,(anonymous_32)
FNF:33
FNH:18
FNDA:2,(anonymous_0)
FNDA:2,(anonymous_1)
FNDA:0,(anonymous_2)
FNDA:2,(anonymous_3)
FNDA:2,(anonymous_4)
FNDA:8,(anonymous_5)
FNDA:8,(anonymous_6)
FNDA:1,(anonymous_7)
FNDA:1,(anonymous_8)
FNDA:2,(anonymous_9)
FNDA:2,(anonymous_10)
FNDA:5,(anonymous_11)
FNDA:5,(anonymous_12)
FNDA:0,(anonymous_13)
FNDA:1,(anonymous_14)
FNDA:1,(anonymous_15)
FNDA:0,(anonymous_16)
FNDA:0,(anonymous_17)
FNDA:0,(anonymous_18)
FNDA:0,(anonymous_19)
FNDA:0,(anonymous_20)
FNDA:1,(anonymous_21)
FNDA:1,(anonymous_22)
FNDA:0,(anonymous_23)
FNDA:1,(anonymous_24)
FNDA:1,(anonymous_25)
FNDA:0,(anonymous_26)
FNDA:0,(anonymous_27)
FNDA:0,(anonymous_28)
FNDA:0,(anonymous_29)
FNDA:0,(anonymous_30)
FNDA:0,(anonymous_31)
FNDA:0,(anonymous_32)
DA:1,1
DA:2,1
DA:3,1
DA:5,1
DA:18,1
DA:20,1
DA:21,2
DA:23,2
DA:24,2
DA:25,2
DA:26,2
DA:27,2
DA:28,2
DA:29,2
DA:31,2
DA:33,2
DA:35,0
DA:36,0
DA:40,1
DA:41,2
DA:46,2
DA:50,1
DA:52,8
DA:53,8
DA:58,1
DA:59,1
DA:60,1
DA:63,1
DA:65,2
DA:66,2
DA:75,1
DA:76,5
DA:77,5
DA:78,5
DA:79,5
DA:80,5
DA:81,5
DA:82,5
DA:83,5
DA:87,5
DA:88,5
DA:89,5
DA:91,0
DA:92,0
DA:97,1
DA:98,1
DA:99,1
DA:103,1
DA:104,0
DA:105,0
DA:109,1
DA:111,0
DA:119,0
DA:121,0
DA:122,0
DA:126,1
DA:127,1
DA:131,1
DA:133,0
DA:134,0
DA:138,1
DA:140,1
DA:141,1
DA:143,0
DA:144,0
DA:148,1
DA:150,0
DA:151,0
DA:153,0
DA:154,0
DA:158,1
DA:160,0
DA:161,0
DA:163,0
DA:164,0
DA:168,1
DA:169,1
LF:77
LH:55
BRF:0
BRH:0
end_of_record
